#
# A fatal error has been detected by the Java Runtime Environment:
#
#  SIGSEGV (0xb) at pc=0x0000000126d09c64, pid=34238, tid=259
#
# JRE version: Java(TM) SE Runtime Environment (21.0.2+13) (build 21.0.2+13-LTS-58)
# Java VM: Java HotSpot(TM) 64-Bit Server VM (21.0.2+13-LTS-58, mixed mode, sharing, tiered, compressed oops, compressed class ptrs, g1 gc, bsd-aarch64)
# Problematic frame:
# C  [libglass.dylib+0x9c64]  JNI_OnLoad+0xea8
#
# No core dump will be written. Core dumps have been disabled. To enable core dumping, try "ulimit -c unlimited" before starting Java again
#
# If you would like to submit a bug report, please visit:
#   https://bugreport.java.com/bugreport/crash.jsp
#

---------------  S U M M A R Y ------------

Command Line: --module-path=/Users/havardvd/.m2/repository/org/openjfx/javafx-base/21.0.2/javafx-base-21.0.2-mac-aarch64.jar:/Users/havardvd/.m2/repository/org/openjfx/javafx-base/21.0.2/javafx-base-21.0.2.jar:/Users/havardvd/.m2/repository/org/openjfx/javafx-controls/21.0.2/javafx-controls-21.0.2-mac-aarch64.jar:/Users/havardvd/.m2/repository/org/openjfx/javafx-controls/21.0.2/javafx-controls-21.0.2.jar:/Users/havardvd/.m2/repository/org/openjfx/javafx-fxml/21.0.2/javafx-fxml-21.0.2-mac-aarch64.jar:/Users/havardvd/.m2/repository/org/openjfx/javafx-fxml/21.0.2/javafx-fxml-21.0.2.jar:/Users/havardvd/.m2/repository/org/openjfx/javafx-graphics/21.0.2/javafx-graphics-21.0.2-mac-aarch64.jar:/Users/havardvd/.m2/repository/org/openjfx/javafx-graphics/21.0.2/javafx-graphics-21.0.2.jar:/Users/havardvd/.m2/repository/org/openjfx/javafx-media/21.0.2/javafx-media-21.0.2-mac-aarch64.jar:/Users/havardvd/.m2/repository/org/openjfx/javafx-media/21.0.2/javafx-media-21.0.2.jar:/Users/havardvd/.m2/repository/org/openjfx/javafx-swing/21.0.2/javafx-swing-21.0.2-mac-aarch64.jar:/Users/havardvd/.m2/repository/org/openjfx/javafx-swing/21.0.2/javafx-swing-21.0.2.jar:/Users/havardvd/.m2/repository/org/openjfx/javafx-web/21.0.2/javafx-web-21.0.2-mac-aarch64.jar:/Users/havardvd/.m2/repository/org/openjfx/javafx-web/21.0.2/javafx-web-21.0.2.jar --add-modules=javafx.base,javafx.controls,javafx.fxml,javafx.graphics,javafx.media,javafx.swing,javafx.web no.ntnu.idatt1002.demo.MyApp

Host: "MacBookPro18,1" arm64, 10 cores, 16G, Darwin 22.1.0, macOS 13.0 (22A380)
Time: Mon Feb 12 10:36:00 2024 CET elapsed time: 4.150636 seconds (0d 0h 0m 4s)

---------------  T H R E A D  ---------------

Current thread is native thread

Stack: [0x000000016a960000,0x000000016b15c000],  sp=0x000000016b155e70,  free space=8151k
Native frames: (J=compiled Java code, j=interpreted, Vv=VM code, C=native code)
C  [libglass.dylib+0x9c64]  JNI_OnLoad+0xea8
C  [CoreFoundation+0x7658c]  __CFNOTIFICATIONCENTER_IS_CALLING_OUT_TO_AN_OBSERVER__+0x94
C  [CoreFoundation+0x114074]  ___CFXRegistrationPost_block_invoke+0x58
C  [CoreFoundation+0x113fbc]  _CFXRegistrationPost+0x1b8
C  [CoreFoundation+0x47bac]  _CFXNotificationPost+0x2c4
C  [Foundation+0x972c]  -[NSNotificationCenter postNotificationName:object:userInfo:]+0x58
C  [AppKit+0x24055c]  -[NSApplication _doHideMaybeFakingIt:]+0x100
C  [AppKit+0x1d588c]  _hideShowHandler+0x70
C  [HIToolbox+0xa944]  DispatchEventToHandlers(EventTargetRec*, OpaqueEventRef*, HandlerCallRec*)+0x444
C  [HIToolbox+0x9dc4]  SendEventToEventTargetInternal(OpaqueEventRef*, OpaqueEventTargetRef*, HandlerCallRec*)+0x164
C  [HIToolbox+0x1ffd4]  SendEventToEventTarget+0x28
C  [AppKit+0x3980c]  _DPSNextEvent+0x454
C  [AppKit+0x387c0]  -[NSApplication(NSEvent) _nextEventMatchingEventMask:untilDate:inMode:dequeue:]+0x2d8
C  [AppKit+0x2cbf0]  -[NSApplication run]+0x1d0
C  [libosxapp.dylib+0x4010]  +[NSApplicationAWT runAWTLoopWithApp:]+0xd0
C  [libawt_lwawt.dylib+0x6cd94]  +[AWTStarter starter:headless:]+0x1e8
C  [libosxapp.dylib+0x5c88]  +[ThreadUtilities invokeBlockCopy:]+0x1c
C  [Foundation+0x79b30]  __NSThreadPerformPerform+0x108
C  [CoreFoundation+0x81a34]  __CFRUNLOOP_IS_CALLING_OUT_TO_A_SOURCE0_PERFORM_FUNCTION__+0x1c
C  [CoreFoundation+0x819c8]  __CFRunLoopDoSource0+0xb0
C  [CoreFoundation+0x81738]  __CFRunLoopDoSources0+0xf4
C  [CoreFoundation+0x8033c]  __CFRunLoopRun+0x344
C  [CoreFoundation+0x7f8a4]  CFRunLoopRunSpecific+0x264
C  [libjli.dylib+0xd1b0]  CreateExecutionEnvironment+0x190
C  [libjli.dylib+0x92a0]  JLI_Launch+0x468
C  [java+0x3bb4]  main+0x18c
C  [dyld+0x5e50]  start+0x9f0

siginfo: si_signo: 11 (SIGSEGV), si_code: 2 (SEGV_ACCERR), si_addr: 0x0000000000000000

Registers:
 x0=0x000060000306df80  x1=0x000000014100b000  x2=0x0000000000000000  x3=0x000060000306dfb0
 x4=0x0000000000000005  x5=0x000000004aa00000  x6=0x0000000000000800  x7=0x0000000000000000
 x8=0x000000014100b088  x9=0x00000000a1a1a1a1 x10=0x00006000199ecb13 x11=0x0000000000000003
x12=0x0000000000000003 x13=0x0000600002b64020 x14=0x01000001f3fffee9 x15=0x00000001f3fffee8
x16=0x00000001985b0644 x17=0x00000001f4f5e390 x18=0x0000000000000000 x19=0x0000600003040990
x20=0x0000000000000000 x21=0x000060000306df80 x22=0x0000000126d4d5c0 x23=0x0000000141a2f8d8
x24=0x0000000000000000 x25=0x0000000000041400 x26=0x0000000000000000 x27=0x0000001a00000013
x28=0x000000016b156378  fp=0x000000016b1562c0  lr=0x6624800126d09c60  sp=0x000000016b155e70
pc=0x0000000126d09c64 cpsr=0x0000000080001000

Top of Stack: (sp=0x000000016b155e70)
0x000000016b155e70:   0000000126d36078 0000000126d35e8f
0x000000016b155e80:   0000000000000149 0000000126d09c14
0x000000016b155e90:   00000001989ee58c 0000000198a8c074
0x000000016b155ea0:   0000000198a8bfbc 00000001989bfbac
0x000000016b155eb0:   00000001998ac72c 000000019be5755c
0x000000016b155ec0:   000000019bdec88c 00000001a2043944
0x000000016b155ed0:   00000001a2042dc4 00000001a2058fd4
0x000000016b155ee0:   000000019bc5080c 000000019bc4f7c0
0x000000016b155ef0:   000000019bc43bf0 0000000145174010
0x000000016b155f00:   00000001459fcd94 0000000145175c88
0x000000016b155f10:   000000019991cb30 00000001989f9a34
0x000000016b155f20:   00000001989f99c8 00000001989f9738
0x000000016b155f30:   00000001989f833c 00000001989f78a4
0x000000016b155f40:   0000000104d6d1b0 0000000104d692a0
0x000000016b155f50:   0000000104ca7bb4 00000001985efe50
0x000000016b155f60:   0000000000000000 0000000000000000
0x000000016b155f70:   0000000000000000 0000000000000000
0x000000016b155f80:   0000000000000000 0000000000000000
0x000000016b155f90:   0000000000000000 0000000000000000
0x000000016b155fa0:   0000000000000000 0000000000000000
0x000000016b155fb0:   0000000000000000 0000000000000000
0x000000016b155fc0:   0000000000000000 0000000000000000
0x000000016b155fd0:   0000000000000000 0000000000000000
0x000000016b155fe0:   0000000000000000 0000000000000000
0x000000016b155ff0:   0000000000000000 0000000000000000
0x000000016b156000:   0000000000000000 0000000000000000
0x000000016b156010:   0000000000000000 0000000000000000
0x000000016b156020:   0000000000000000 0000000000000000
0x000000016b156030:   0000000000000000 0000000000000000
0x000000016b156040:   0000000000000000 0000000000000000
0x000000016b156050:   0000000000000000 0000000000000000
0x000000016b156060:   0000000000000000 0000000000000000 

Instructions: (pc=0x0000000126d09c64)
0x0000000126d09b64:   a8 83 5c f8 1f 20 03 d5 a9 2d 1b 58 29 01 40 f9
0x0000000126d09b74:   3f 01 08 eb e1 00 00 54 ff 83 10 91 fd 7b 43 a9
0x0000000126d09b84:   f4 4f 42 a9 f6 57 41 a9 f8 5f c4 a8 c0 03 5f d6
0x0000000126d09b94:   0a 95 00 94 f8 5f bc a9 f6 57 01 a9 f4 4f 02 a9
0x0000000126d09ba4:   fd 7b 03 a9 fd c3 00 91 ff 83 10 d1 f3 03 00 aa
0x0000000126d09bb4:   1f 20 03 d5 48 2b 1b 58 08 01 40 f9 a8 83 1c f8
0x0000000126d09bc4:   f6 cf 21 10 1f 20 03 d5 d4 02 40 f9 34 04 00 b5
0x0000000126d09bd4:   1f 20 03 d5 88 2a 1b 58 00 01 40 f9 2a 29 80 52
0x0000000126d09be4:   48 15 16 70 1f 20 03 d5 69 24 16 10 1f 20 03 d5
0x0000000126d09bf4:   e8 ab 00 a9 e9 03 00 f9 81 c9 15 50 1f 20 03 d5
0x0000000126d09c04:   1b 95 00 94 e0 63 00 91 01 10 80 52 f7 94 00 94
0x0000000126d09c14:   f5 03 00 aa e0 63 00 91 e1 03 15 aa f6 94 00 94
0x0000000126d09c24:   f4 03 00 aa bf 06 00 71 eb 00 00 54 f5 03 15 2a
0x0000000126d09c34:   f7 03 14 aa e0 86 40 f8 f1 95 00 94 b5 06 00 f1
0x0000000126d09c44:   a1 ff ff 54 e0 03 14 aa 0f 95 00 94 d4 02 40 f9
0x0000000126d09c54:   1f 20 03 d5 40 3a 20 58 8f 95 00 94 f5 03 00 aa
0x0000000126d09c64:   88 02 40 f9 16 f5 40 f9 73 0a 40 f9 1f 20 03 d5
0x0000000126d09c74:   a0 39 20 58 82 98 00 94 e2 03 00 aa e0 03 14 aa
0x0000000126d09c84:   e1 03 13 aa c0 02 3f d6 e0 03 15 aa 4c 9d 00 94
0x0000000126d09c94:   88 02 40 f9 08 3d 40 f9 e0 03 14 aa 00 01 3f d6
0x0000000126d09ca4:   a0 02 00 b4 f3 03 00 aa 88 02 40 f9 08 45 40 f9
0x0000000126d09cb4:   e0 03 14 aa 00 01 3f d6 88 02 40 f9 08 35 42 f9
0x0000000126d09cc4:   1f 20 03 d5 1f 20 03 d5 e1 c7 21 58 1f 20 03 d5
0x0000000126d09cd4:   1f 20 03 d5 42 d5 21 58 f3 03 00 f9 e0 03 14 aa
0x0000000126d09ce4:   00 01 3f d6 88 02 40 f9 08 45 40 f9 e0 03 14 aa
0x0000000126d09cf4:   00 01 3f d6 a8 83 5c f8 1f 20 03 d5 09 21 1b 58
0x0000000126d09d04:   29 01 40 f9 3f 01 08 eb e1 00 00 54 ff 83 10 91
0x0000000126d09d14:   fd 7b 43 a9 f4 4f 42 a9 f6 57 41 a9 f8 5f c4 a8
0x0000000126d09d24:   c0 03 5f d6 a5 94 00 94 f8 5f bc a9 f6 57 01 a9
0x0000000126d09d34:   f4 4f 02 a9 fd 7b 03 a9 fd c3 00 91 ff 83 10 d1
0x0000000126d09d44:   f3 03 00 aa 1f 20 03 d5 a8 1e 1b 58 08 01 40 f9
0x0000000126d09d54:   a8 83 1c f8 56 c3 21 10 1f 20 03 d5 d4 02 40 f9 



---------------  P R O C E S S  ---------------

VM state: not at safepoint (normal execution)

VM Mutex/Monitor currently owned by a thread: None

Heap address: 0x0000000700000000, size: 4096 MB, Compressed Oops mode: Zero based, Oop shift amount: 3

CDS archive(s) mapped at: [0x000000a800000000-0x000000a800ca8000-0x000000a800ca8000), size 13271040, SharedBaseAddress: 0x000000a800000000, ArchiveRelocationMode: 1.
Compressed class space mapped at: 0x000000a801000000-0x000000a841000000, reserved size: 1073741824
Narrow klass base: 0x000000a800000000, Narrow klass shift: 0, Narrow klass range: 0x100000000

GC Precious Log:
<Skipped>

Heap:
 garbage-first heap   total 264192K, used 8369K [0x0000000700000000, 0x0000000800000000)
  region size 2048K, 4 young (8192K), 2 survivors (4096K)
 Metaspace       used 6302K, committed 6464K, reserved 1114112K
  class space    used 762K, committed 832K, reserved 1048576K

Heap Regions: E=young(eden), S=young(survivor), O=old, HS=humongous(starts), HC=humongous(continues), CS=collection set, F=free, TAMS=top-at-mark-start, PB=parsable bottom
|   0|0x0000000700000000, 0x0000000700000000, 0x0000000700200000|  0%| F|  |TAMS 0x0000000700000000| PB 0x0000000700000000| Untracked 
|   1|0x0000000700200000, 0x0000000700200000, 0x0000000700400000|  0%| F|  |TAMS 0x0000000700200000| PB 0x0000000700200000| Untracked 
|   2|0x0000000700400000, 0x0000000700400000, 0x0000000700600000|  0%| F|  |TAMS 0x0000000700400000| PB 0x0000000700400000| Untracked 
|   3|0x0000000700600000, 0x0000000700600000, 0x0000000700800000|  0%| F|  |TAMS 0x0000000700600000| PB 0x0000000700600000| Untracked 
|   4|0x0000000700800000, 0x0000000700800000, 0x0000000700a00000|  0%| F|  |TAMS 0x0000000700800000| PB 0x0000000700800000| Untracked 
|   5|0x0000000700a00000, 0x0000000700a00000, 0x0000000700c00000|  0%| F|  |TAMS 0x0000000700a00000| PB 0x0000000700a00000| Untracked 
|   6|0x0000000700c00000, 0x0000000700c00000, 0x0000000700e00000|  0%| F|  |TAMS 0x0000000700c00000| PB 0x0000000700c00000| Untracked 
|   7|0x0000000700e00000, 0x0000000700e00000, 0x0000000701000000|  0%| F|  |TAMS 0x0000000700e00000| PB 0x0000000700e00000| Untracked 
|   8|0x0000000701000000, 0x0000000701000000, 0x0000000701200000|  0%| F|  |TAMS 0x0000000701000000| PB 0x0000000701000000| Untracked 
|   9|0x0000000701200000, 0x0000000701200000, 0x0000000701400000|  0%| F|  |TAMS 0x0000000701200000| PB 0x0000000701200000| Untracked 
|  10|0x0000000701400000, 0x0000000701400000, 0x0000000701600000|  0%| F|  |TAMS 0x0000000701400000| PB 0x0000000701400000| Untracked 
|  11|0x0000000701600000, 0x0000000701600000, 0x0000000701800000|  0%| F|  |TAMS 0x0000000701600000| PB 0x0000000701600000| Untracked 
|  12|0x0000000701800000, 0x0000000701800000, 0x0000000701a00000|  0%| F|  |TAMS 0x0000000701800000| PB 0x0000000701800000| Untracked 
|  13|0x0000000701a00000, 0x0000000701a00000, 0x0000000701c00000|  0%| F|  |TAMS 0x0000000701a00000| PB 0x0000000701a00000| Untracked 
|  14|0x0000000701c00000, 0x0000000701c00000, 0x0000000701e00000|  0%| F|  |TAMS 0x0000000701c00000| PB 0x0000000701c00000| Untracked 
|  15|0x0000000701e00000, 0x0000000701e00000, 0x0000000702000000|  0%| F|  |TAMS 0x0000000701e00000| PB 0x0000000701e00000| Untracked 
|  16|0x0000000702000000, 0x0000000702000000, 0x0000000702200000|  0%| F|  |TAMS 0x0000000702000000| PB 0x0000000702000000| Untracked 
|  17|0x0000000702200000, 0x0000000702200000, 0x0000000702400000|  0%| F|  |TAMS 0x0000000702200000| PB 0x0000000702200000| Untracked 
|  18|0x0000000702400000, 0x0000000702400000, 0x0000000702600000|  0%| F|  |TAMS 0x0000000702400000| PB 0x0000000702400000| Untracked 
|  19|0x0000000702600000, 0x0000000702600000, 0x0000000702800000|  0%| F|  |TAMS 0x0000000702600000| PB 0x0000000702600000| Untracked 
|  20|0x0000000702800000, 0x0000000702800000, 0x0000000702a00000|  0%| F|  |TAMS 0x0000000702800000| PB 0x0000000702800000| Untracked 
|  21|0x0000000702a00000, 0x0000000702a00000, 0x0000000702c00000|  0%| F|  |TAMS 0x0000000702a00000| PB 0x0000000702a00000| Untracked 
|  22|0x0000000702c00000, 0x0000000702c00000, 0x0000000702e00000|  0%| F|  |TAMS 0x0000000702c00000| PB 0x0000000702c00000| Untracked 
|  23|0x0000000702e00000, 0x0000000702e00000, 0x0000000703000000|  0%| F|  |TAMS 0x0000000702e00000| PB 0x0000000702e00000| Untracked 
|  24|0x0000000703000000, 0x0000000703000000, 0x0000000703200000|  0%| F|  |TAMS 0x0000000703000000| PB 0x0000000703000000| Untracked 
|  25|0x0000000703200000, 0x0000000703200000, 0x0000000703400000|  0%| F|  |TAMS 0x0000000703200000| PB 0x0000000703200000| Untracked 
|  26|0x0000000703400000, 0x0000000703400000, 0x0000000703600000|  0%| F|  |TAMS 0x0000000703400000| PB 0x0000000703400000| Untracked 
|  27|0x0000000703600000, 0x0000000703600000, 0x0000000703800000|  0%| F|  |TAMS 0x0000000703600000| PB 0x0000000703600000| Untracked 
|  28|0x0000000703800000, 0x0000000703800000, 0x0000000703a00000|  0%| F|  |TAMS 0x0000000703800000| PB 0x0000000703800000| Untracked 
|  29|0x0000000703a00000, 0x0000000703a00000, 0x0000000703c00000|  0%| F|  |TAMS 0x0000000703a00000| PB 0x0000000703a00000| Untracked 
|  30|0x0000000703c00000, 0x0000000703c00000, 0x0000000703e00000|  0%| F|  |TAMS 0x0000000703c00000| PB 0x0000000703c00000| Untracked 
|  31|0x0000000703e00000, 0x0000000703e00000, 0x0000000704000000|  0%| F|  |TAMS 0x0000000703e00000| PB 0x0000000703e00000| Untracked 
|  32|0x0000000704000000, 0x0000000704000000, 0x0000000704200000|  0%| F|  |TAMS 0x0000000704000000| PB 0x0000000704000000| Untracked 
|  33|0x0000000704200000, 0x0000000704200000, 0x0000000704400000|  0%| F|  |TAMS 0x0000000704200000| PB 0x0000000704200000| Untracked 
|  34|0x0000000704400000, 0x0000000704400000, 0x0000000704600000|  0%| F|  |TAMS 0x0000000704400000| PB 0x0000000704400000| Untracked 
|  35|0x0000000704600000, 0x0000000704600000, 0x0000000704800000|  0%| F|  |TAMS 0x0000000704600000| PB 0x0000000704600000| Untracked 
|  36|0x0000000704800000, 0x0000000704800000, 0x0000000704a00000|  0%| F|  |TAMS 0x0000000704800000| PB 0x0000000704800000| Untracked 
|  37|0x0000000704a00000, 0x0000000704a00000, 0x0000000704c00000|  0%| F|  |TAMS 0x0000000704a00000| PB 0x0000000704a00000| Untracked 
|  38|0x0000000704c00000, 0x0000000704c00000, 0x0000000704e00000|  0%| F|  |TAMS 0x0000000704c00000| PB 0x0000000704c00000| Untracked 
|  39|0x0000000704e00000, 0x0000000704e00000, 0x0000000705000000|  0%| F|  |TAMS 0x0000000704e00000| PB 0x0000000704e00000| Untracked 
|  40|0x0000000705000000, 0x0000000705000000, 0x0000000705200000|  0%| F|  |TAMS 0x0000000705000000| PB 0x0000000705000000| Untracked 
|  41|0x0000000705200000, 0x0000000705200000, 0x0000000705400000|  0%| F|  |TAMS 0x0000000705200000| PB 0x0000000705200000| Untracked 
|  42|0x0000000705400000, 0x0000000705400000, 0x0000000705600000|  0%| F|  |TAMS 0x0000000705400000| PB 0x0000000705400000| Untracked 
|  43|0x0000000705600000, 0x0000000705600000, 0x0000000705800000|  0%| F|  |TAMS 0x0000000705600000| PB 0x0000000705600000| Untracked 
|  44|0x0000000705800000, 0x0000000705800000, 0x0000000705a00000|  0%| F|  |TAMS 0x0000000705800000| PB 0x0000000705800000| Untracked 
|  45|0x0000000705a00000, 0x0000000705a00000, 0x0000000705c00000|  0%| F|  |TAMS 0x0000000705a00000| PB 0x0000000705a00000| Untracked 
|  46|0x0000000705c00000, 0x0000000705c00000, 0x0000000705e00000|  0%| F|  |TAMS 0x0000000705c00000| PB 0x0000000705c00000| Untracked 
|  47|0x0000000705e00000, 0x0000000705e00000, 0x0000000706000000|  0%| F|  |TAMS 0x0000000705e00000| PB 0x0000000705e00000| Untracked 
|  48|0x0000000706000000, 0x0000000706000000, 0x0000000706200000|  0%| F|  |TAMS 0x0000000706000000| PB 0x0000000706000000| Untracked 
|  49|0x0000000706200000, 0x0000000706200000, 0x0000000706400000|  0%| F|  |TAMS 0x0000000706200000| PB 0x0000000706200000| Untracked 
|  50|0x0000000706400000, 0x0000000706400000, 0x0000000706600000|  0%| F|  |TAMS 0x0000000706400000| PB 0x0000000706400000| Untracked 
|  51|0x0000000706600000, 0x0000000706600000, 0x0000000706800000|  0%| F|  |TAMS 0x0000000706600000| PB 0x0000000706600000| Untracked 
|  52|0x0000000706800000, 0x0000000706800000, 0x0000000706a00000|  0%| F|  |TAMS 0x0000000706800000| PB 0x0000000706800000| Untracked 
|  53|0x0000000706a00000, 0x0000000706a00000, 0x0000000706c00000|  0%| F|  |TAMS 0x0000000706a00000| PB 0x0000000706a00000| Untracked 
|  54|0x0000000706c00000, 0x0000000706c00000, 0x0000000706e00000|  0%| F|  |TAMS 0x0000000706c00000| PB 0x0000000706c00000| Untracked 
|  55|0x0000000706e00000, 0x0000000706e00000, 0x0000000707000000|  0%| F|  |TAMS 0x0000000706e00000| PB 0x0000000706e00000| Untracked 
|  56|0x0000000707000000, 0x0000000707000000, 0x0000000707200000|  0%| F|  |TAMS 0x0000000707000000| PB 0x0000000707000000| Untracked 
|  57|0x0000000707200000, 0x0000000707200000, 0x0000000707400000|  0%| F|  |TAMS 0x0000000707200000| PB 0x0000000707200000| Untracked 
|  58|0x0000000707400000, 0x0000000707400000, 0x0000000707600000|  0%| F|  |TAMS 0x0000000707400000| PB 0x0000000707400000| Untracked 
|  59|0x0000000707600000, 0x0000000707600000, 0x0000000707800000|  0%| F|  |TAMS 0x0000000707600000| PB 0x0000000707600000| Untracked 
|  60|0x0000000707800000, 0x0000000707800000, 0x0000000707a00000|  0%| F|  |TAMS 0x0000000707800000| PB 0x0000000707800000| Untracked 
|  61|0x0000000707a00000, 0x0000000707a00000, 0x0000000707c00000|  0%| F|  |TAMS 0x0000000707a00000| PB 0x0000000707a00000| Untracked 
|  62|0x0000000707c00000, 0x0000000707c00000, 0x0000000707e00000|  0%| F|  |TAMS 0x0000000707c00000| PB 0x0000000707c00000| Untracked 
|  63|0x0000000707e00000, 0x0000000707e00000, 0x0000000708000000|  0%| F|  |TAMS 0x0000000707e00000| PB 0x0000000707e00000| Untracked 
|  64|0x0000000708000000, 0x0000000708000000, 0x0000000708200000|  0%| F|  |TAMS 0x0000000708000000| PB 0x0000000708000000| Untracked 
|  65|0x0000000708200000, 0x0000000708200000, 0x0000000708400000|  0%| F|  |TAMS 0x0000000708200000| PB 0x0000000708200000| Untracked 
|  66|0x0000000708400000, 0x0000000708400000, 0x0000000708600000|  0%| F|  |TAMS 0x0000000708400000| PB 0x0000000708400000| Untracked 
|  67|0x0000000708600000, 0x0000000708600000, 0x0000000708800000|  0%| F|  |TAMS 0x0000000708600000| PB 0x0000000708600000| Untracked 
|  68|0x0000000708800000, 0x0000000708800000, 0x0000000708a00000|  0%| F|  |TAMS 0x0000000708800000| PB 0x0000000708800000| Untracked 
|  69|0x0000000708a00000, 0x0000000708a00000, 0x0000000708c00000|  0%| F|  |TAMS 0x0000000708a00000| PB 0x0000000708a00000| Untracked 
|  70|0x0000000708c00000, 0x0000000708c00000, 0x0000000708e00000|  0%| F|  |TAMS 0x0000000708c00000| PB 0x0000000708c00000| Untracked 
|  71|0x0000000708e00000, 0x0000000708e00000, 0x0000000709000000|  0%| F|  |TAMS 0x0000000708e00000| PB 0x0000000708e00000| Untracked 
|  72|0x0000000709000000, 0x0000000709000000, 0x0000000709200000|  0%| F|  |TAMS 0x0000000709000000| PB 0x0000000709000000| Untracked 
|  73|0x0000000709200000, 0x0000000709200000, 0x0000000709400000|  0%| F|  |TAMS 0x0000000709200000| PB 0x0000000709200000| Untracked 
|  74|0x0000000709400000, 0x0000000709400000, 0x0000000709600000|  0%| F|  |TAMS 0x0000000709400000| PB 0x0000000709400000| Untracked 
|  75|0x0000000709600000, 0x0000000709600000, 0x0000000709800000|  0%| F|  |TAMS 0x0000000709600000| PB 0x0000000709600000| Untracked 
|  76|0x0000000709800000, 0x0000000709800000, 0x0000000709a00000|  0%| F|  |TAMS 0x0000000709800000| PB 0x0000000709800000| Untracked 
|  77|0x0000000709a00000, 0x0000000709a00000, 0x0000000709c00000|  0%| F|  |TAMS 0x0000000709a00000| PB 0x0000000709a00000| Untracked 
|  78|0x0000000709c00000, 0x0000000709c00000, 0x0000000709e00000|  0%| F|  |TAMS 0x0000000709c00000| PB 0x0000000709c00000| Untracked 
|  79|0x0000000709e00000, 0x0000000709e00000, 0x000000070a000000|  0%| F|  |TAMS 0x0000000709e00000| PB 0x0000000709e00000| Untracked 
|  80|0x000000070a000000, 0x000000070a000000, 0x000000070a200000|  0%| F|  |TAMS 0x000000070a000000| PB 0x000000070a000000| Untracked 
|  81|0x000000070a200000, 0x000000070a200000, 0x000000070a400000|  0%| F|  |TAMS 0x000000070a200000| PB 0x000000070a200000| Untracked 
|  82|0x000000070a400000, 0x000000070a400000, 0x000000070a600000|  0%| F|  |TAMS 0x000000070a400000| PB 0x000000070a400000| Untracked 
|  83|0x000000070a600000, 0x000000070a600000, 0x000000070a800000|  0%| F|  |TAMS 0x000000070a600000| PB 0x000000070a600000| Untracked 
|  84|0x000000070a800000, 0x000000070a800000, 0x000000070aa00000|  0%| F|  |TAMS 0x000000070a800000| PB 0x000000070a800000| Untracked 
|  85|0x000000070aa00000, 0x000000070aa00000, 0x000000070ac00000|  0%| F|  |TAMS 0x000000070aa00000| PB 0x000000070aa00000| Untracked 
|  86|0x000000070ac00000, 0x000000070ac00000, 0x000000070ae00000|  0%| F|  |TAMS 0x000000070ac00000| PB 0x000000070ac00000| Untracked 
|  87|0x000000070ae00000, 0x000000070ae00000, 0x000000070b000000|  0%| F|  |TAMS 0x000000070ae00000| PB 0x000000070ae00000| Untracked 
|  88|0x000000070b000000, 0x000000070b000000, 0x000000070b200000|  0%| F|  |TAMS 0x000000070b000000| PB 0x000000070b000000| Untracked 
|  89|0x000000070b200000, 0x000000070b200000, 0x000000070b400000|  0%| F|  |TAMS 0x000000070b200000| PB 0x000000070b200000| Untracked 
|  90|0x000000070b400000, 0x000000070b400000, 0x000000070b600000|  0%| F|  |TAMS 0x000000070b400000| PB 0x000000070b400000| Untracked 
|  91|0x000000070b600000, 0x000000070b600000, 0x000000070b800000|  0%| F|  |TAMS 0x000000070b600000| PB 0x000000070b600000| Untracked 
|  92|0x000000070b800000, 0x000000070b800000, 0x000000070ba00000|  0%| F|  |TAMS 0x000000070b800000| PB 0x000000070b800000| Untracked 
|  93|0x000000070ba00000, 0x000000070ba00000, 0x000000070bc00000|  0%| F|  |TAMS 0x000000070ba00000| PB 0x000000070ba00000| Untracked 
|  94|0x000000070bc00000, 0x000000070bc00000, 0x000000070be00000|  0%| F|  |TAMS 0x000000070bc00000| PB 0x000000070bc00000| Untracked 
|  95|0x000000070be00000, 0x000000070be00000, 0x000000070c000000|  0%| F|  |TAMS 0x000000070be00000| PB 0x000000070be00000| Untracked 
|  96|0x000000070c000000, 0x000000070c000000, 0x000000070c200000|  0%| F|  |TAMS 0x000000070c000000| PB 0x000000070c000000| Untracked 
|  97|0x000000070c200000, 0x000000070c200000, 0x000000070c400000|  0%| F|  |TAMS 0x000000070c200000| PB 0x000000070c200000| Untracked 
|  98|0x000000070c400000, 0x000000070c400000, 0x000000070c600000|  0%| F|  |TAMS 0x000000070c400000| PB 0x000000070c400000| Untracked 
|  99|0x000000070c600000, 0x000000070c600000, 0x000000070c800000|  0%| F|  |TAMS 0x000000070c600000| PB 0x000000070c600000| Untracked 
| 100|0x000000070c800000, 0x000000070c800000, 0x000000070ca00000|  0%| F|  |TAMS 0x000000070c800000| PB 0x000000070c800000| Untracked 
| 101|0x000000070ca00000, 0x000000070ca00000, 0x000000070cc00000|  0%| F|  |TAMS 0x000000070ca00000| PB 0x000000070ca00000| Untracked 
| 102|0x000000070cc00000, 0x000000070cc00000, 0x000000070ce00000|  0%| F|  |TAMS 0x000000070cc00000| PB 0x000000070cc00000| Untracked 
| 103|0x000000070ce00000, 0x000000070ce00000, 0x000000070d000000|  0%| F|  |TAMS 0x000000070ce00000| PB 0x000000070ce00000| Untracked 
| 104|0x000000070d000000, 0x000000070d000000, 0x000000070d200000|  0%| F|  |TAMS 0x000000070d000000| PB 0x000000070d000000| Untracked 
| 105|0x000000070d200000, 0x000000070d200000, 0x000000070d400000|  0%| F|  |TAMS 0x000000070d200000| PB 0x000000070d200000| Untracked 
| 106|0x000000070d400000, 0x000000070d400000, 0x000000070d600000|  0%| F|  |TAMS 0x000000070d400000| PB 0x000000070d400000| Untracked 
| 107|0x000000070d600000, 0x000000070d600000, 0x000000070d800000|  0%| F|  |TAMS 0x000000070d600000| PB 0x000000070d600000| Untracked 
| 108|0x000000070d800000, 0x000000070d800000, 0x000000070da00000|  0%| F|  |TAMS 0x000000070d800000| PB 0x000000070d800000| Untracked 
| 109|0x000000070da00000, 0x000000070da00000, 0x000000070dc00000|  0%| F|  |TAMS 0x000000070da00000| PB 0x000000070da00000| Untracked 
| 110|0x000000070dc00000, 0x000000070dc00000, 0x000000070de00000|  0%| F|  |TAMS 0x000000070dc00000| PB 0x000000070dc00000| Untracked 
| 111|0x000000070de00000, 0x000000070de00000, 0x000000070e000000|  0%| F|  |TAMS 0x000000070de00000| PB 0x000000070de00000| Untracked 
| 112|0x000000070e000000, 0x000000070e000000, 0x000000070e200000|  0%| F|  |TAMS 0x000000070e000000| PB 0x000000070e000000| Untracked 
| 113|0x000000070e200000, 0x000000070e200000, 0x000000070e400000|  0%| F|  |TAMS 0x000000070e200000| PB 0x000000070e200000| Untracked 
| 114|0x000000070e400000, 0x000000070e400000, 0x000000070e600000|  0%| F|  |TAMS 0x000000070e400000| PB 0x000000070e400000| Untracked 
| 115|0x000000070e600000, 0x000000070e73d0a8, 0x000000070e800000| 61%| S|CS|TAMS 0x000000070e600000| PB 0x000000070e600000| Complete 
| 116|0x000000070e800000, 0x000000070ea00000, 0x000000070ea00000|100%| S|CS|TAMS 0x000000070e800000| PB 0x000000070e800000| Complete 
| 117|0x000000070ea00000, 0x000000070ea00000, 0x000000070ec00000|  0%| F|  |TAMS 0x000000070ea00000| PB 0x000000070ea00000| Untracked 
| 118|0x000000070ec00000, 0x000000070ec00000, 0x000000070ee00000|  0%| F|  |TAMS 0x000000070ec00000| PB 0x000000070ec00000| Untracked 
| 119|0x000000070ee00000, 0x000000070ee00000, 0x000000070f000000|  0%| F|  |TAMS 0x000000070ee00000| PB 0x000000070ee00000| Untracked 
| 120|0x000000070f000000, 0x000000070f000000, 0x000000070f200000|  0%| F|  |TAMS 0x000000070f000000| PB 0x000000070f000000| Untracked 
| 121|0x000000070f200000, 0x000000070f200000, 0x000000070f400000|  0%| F|  |TAMS 0x000000070f200000| PB 0x000000070f200000| Untracked 
| 122|0x000000070f400000, 0x000000070f400000, 0x000000070f600000|  0%| F|  |TAMS 0x000000070f400000| PB 0x000000070f400000| Untracked 
| 123|0x000000070f600000, 0x000000070f600000, 0x000000070f800000|  0%| F|  |TAMS 0x000000070f600000| PB 0x000000070f600000| Untracked 
| 124|0x000000070f800000, 0x000000070f800000, 0x000000070fa00000|  0%| F|  |TAMS 0x000000070f800000| PB 0x000000070f800000| Untracked 
| 125|0x000000070fa00000, 0x000000070fa00000, 0x000000070fc00000|  0%| F|  |TAMS 0x000000070fa00000| PB 0x000000070fa00000| Untracked 
| 126|0x000000070fc00000, 0x000000070fdebe88, 0x000000070fe00000| 96%| E|  |TAMS 0x000000070fc00000| PB 0x000000070fc00000| Complete 
| 127|0x000000070fe00000, 0x0000000710000000, 0x0000000710000000|100%| E|CS|TAMS 0x000000070fe00000| PB 0x000000070fe00000| Complete 
|2047|0x00000007ffe00000, 0x00000007fff03890, 0x0000000800000000| 50%| O|  |TAMS 0x00000007ffe00000| PB 0x00000007ffe00000| Untracked 

Card table byte_map: [0x000000011e280000,0x000000011ea80000] _byte_map_base: 0x000000011aa80000

Marking Bits: (CMBitMap*) 0x0000000141038a10
 Bits: [0x000000011ea80000, 0x0000000122a80000)

Polling page: 0x0000000104cfc000

Metaspace:

Usage:
  Non-class:      5.41 MB used.
      Class:    762.16 KB used.
       Both:      6.15 MB used.

Virtual space:
  Non-class space:       64.00 MB reserved,       5.50 MB (  9%) committed,  1 nodes.
      Class space:        1.00 GB reserved,     832.00 KB ( <1%) committed,  1 nodes.
             Both:        1.06 GB reserved,       6.31 MB ( <1%) committed. 

Chunk freelists:
   Non-Class:  9.06 MB
       Class:  15.20 MB
        Both:  24.27 MB

MaxMetaspaceSize: unlimited
CompressedClassSpaceSize: 1.00 GB
Initial GC threshold: 21.00 MB
Current GC threshold: 21.00 MB
CDS: on
 - commit_granule_bytes: 65536.
 - commit_granule_words: 8192.
 - virtual_space_node_default_size: 8388608.
 - enlarge_chunks_in_place: 1.
 - use_allocation_guard: 0.


Internal statistics:

num_allocs_failed_limit: 0.
num_arena_births: 114.
num_arena_deaths: 0.
num_vsnodes_births: 2.
num_vsnodes_deaths: 0.
num_space_committed: 101.
num_space_uncommitted: 0.
num_chunks_returned_to_freelist: 0.
num_chunks_taken_from_freelist: 280.
num_chunk_merges: 0.
num_chunk_splits: 189.
num_chunks_enlarged: 132.
num_inconsistent_stats: 0.

CodeHeap 'non-profiled nmethods': size=120032Kb used=283Kb max_used=283Kb free=119748Kb
 bounds [0x0000000116d48000, 0x0000000116fb8000, 0x000000011e280000]
CodeHeap 'profiled nmethods': size=120016Kb used=1713Kb max_used=1713Kb free=118303Kb
 bounds [0x000000010f280000, 0x000000010f4f0000, 0x00000001167b4000]
CodeHeap 'non-nmethods': size=5712Kb used=1396Kb max_used=1410Kb free=4315Kb
 bounds [0x00000001167b4000, 0x0000000116a24000, 0x0000000116d48000]
 total_blobs=1569 nmethods=1008 adapters=470
 compilation: enabled
              stopped_count=0, restarted_count=0
 full_count=0

Compilation events (20 events):
Event: 4.138 Thread 0x0000000142010c00 1017       3       sun.invoke.util.VerifyAccess::isMemberAccessible (338 bytes)
Event: 4.139 Thread 0x0000000142010c00 nmethod 1017 0x000000010f427290 code [0x000000010f427700, 0x000000010f4289e0]
Event: 4.139 Thread 0x0000000142010c00 1014       3       java.lang.invoke.MethodHandle::keepsAlive (20 bytes)
Event: 4.139 Thread 0x0000000142010c00 nmethod 1014 0x000000010f429010 code [0x000000010f429300, 0x000000010f429d38]
Event: 4.139 Thread 0x0000000142010c00 1018       3       java.lang.invoke.DirectMethodHandle::maybeCompile (24 bytes)
Event: 4.139 Thread 0x0000000142010c00 nmethod 1018 0x000000010f42a090 code [0x000000010f42a280, 0x000000010f42a4c8]
Event: 4.144 Thread 0x0000000142010c00 1019       3       java.lang.Module::isNamed (13 bytes)
Event: 4.144 Thread 0x0000000142010c00 nmethod 1019 0x000000010f42a610 code [0x000000010f42a7c0, 0x000000010f42a938]
Event: 4.144 Thread 0x0000000142010c00 1020       3       java.util.ImmutableCollections$SetN::probe (56 bytes)
Event: 4.144 Thread 0x0000000142010c00 nmethod 1020 0x000000010f42aa10 code [0x000000010f42ac00, 0x000000010f42b188]
Event: 4.148 Thread 0x0000000142010c00 1021       3       jdk.internal.org.objectweb.asm.MethodWriter::visitCode (1 bytes)
Event: 4.148 Thread 0x0000000142010c00 nmethod 1021 0x000000010f42b390 code [0x000000010f42b500, 0x000000010f42b618]
Event: 4.148 Thread 0x0000000142010400 1022       4       java.lang.Object::<init> (1 bytes)
Event: 4.148 Thread 0x0000000142010c00 1023       3       java.lang.invoke.MethodHandleNatives::refKindIsMethod (19 bytes)
Event: 4.148 Thread 0x0000000142010c00 nmethod 1023 0x000000010f42b690 code [0x000000010f42b840, 0x000000010f42ba60]
Event: 4.148 Thread 0x0000000142010c00 1024       3       sun.invoke.util.VerifyAccess::getClassModifiers (24 bytes)
Event: 4.148 Thread 0x0000000142010c00 nmethod 1024 0x000000010f42bb10 code [0x000000010f42bd00, 0x000000010f42bf80]
Event: 4.148 Thread 0x0000000142010c00 1026       3       java.lang.invoke.MethodHandleNatives::refKindHasReceiver (33 bytes)
Event: 4.148 Thread 0x0000000142010c00 nmethod 1026 0x000000010f42c090 code [0x000000010f42c240, 0x000000010f42c388]
Event: 4.148 Thread 0x0000000142010400 nmethod 1022 0x0000000116d8ec90 code [0x0000000116d8ee00, 0x0000000116d8eeb8]

GC Heap History (2 events):
Event: 0.385 GC heap before
{Heap before GC invocations=0 (full 0):
 garbage-first heap   total 264192K, used 21518K [0x0000000700000000, 0x0000000800000000)
  region size 2048K, 11 young (22528K), 0 survivors (0K)
 Metaspace       used 4605K, committed 4800K, reserved 1114112K
  class space    used 561K, committed 640K, reserved 1048576K
}
Event: 0.387 GC heap after
{Heap after GC invocations=1 (full 0):
 garbage-first heap   total 264192K, used 4354K [0x0000000700000000, 0x0000000800000000)
  region size 2048K, 2 young (4096K), 2 survivors (4096K)
 Metaspace       used 4605K, committed 4800K, reserved 1114112K
  class space    used 561K, committed 640K, reserved 1048576K
}

Dll operation events (11 events):
Event: 0.010 Loaded shared library /Library/Java/JavaVirtualMachines/jdk-21.0.2.jdk/Contents/Home/lib/libjava.dylib
Event: 0.057 Loaded shared library /Library/Java/JavaVirtualMachines/jdk-21.0.2.jdk/Contents/Home/lib/libnio.dylib
Event: 0.074 Loaded shared library /Library/Java/JavaVirtualMachines/jdk-21.0.2.jdk/Contents/Home/lib/libzip.dylib
Event: 0.161 Loading shared library /Users/havardvd/.m2/repository/org/openjfx/javafx-graphics/21.0.2/libprism_es2.dylib failed, dlopen(/Users/havardvd/.m2/repository/org/openjfx/javafx-graphics/21.0.2/libprism_es2.dylib, 0x0001): tried: '/Users/havardvd/.m2/repositor
Event: 0.189 Loaded shared library /Users/havardvd/.openjfx/cache/21.0.2+5/aarch64/libprism_es2.dylib
Event: 0.236 Loading shared library /Users/havardvd/.m2/repository/org/openjfx/javafx-graphics/21.0.2/libglass.dylib failed, dlopen(/Users/havardvd/.m2/repository/org/openjfx/javafx-graphics/21.0.2/libglass.dylib, 0x0001): tried: '/Users/havardvd/.m2/repository/org/op
Event: 0.241 Loaded shared library /Users/havardvd/.openjfx/cache/21.0.2+5/aarch64/libglass.dylib
Event: 0.368 Loaded shared library /Library/Java/JavaVirtualMachines/jdk-21.0.2.jdk/Contents/Home/lib/libjimage.dylib
Event: 4.123 Loaded shared library /Library/Java/JavaVirtualMachines/jdk-21.0.2.jdk/Contents/Home/lib/libawt.dylib
Event: 4.131 Loaded shared library /Library/Java/JavaVirtualMachines/jdk-21.0.2.jdk/Contents/Home/lib/libawt_lwawt.dylib
Event: 4.146 Loaded shared library /Library/Java/JavaVirtualMachines/jdk-21.0.2.jdk/Contents/Home/lib/libfontmanager.dylib

Deoptimization events (20 events):
Event: 0.113 Thread 0x000000013080a800 DEOPT PACKING pc=0x0000000116d64228 sp=0x000000016b3ea790
Event: 0.113 Thread 0x000000013080a800 DEOPT UNPACKING pc=0x00000001167f701c sp=0x000000016b3ea720 mode 2
Event: 0.161 Thread 0x0000000141818000 Uncommon trap: trap_request=0xffffff45 fr.pc=0x0000000116d5bb60 relative=0x0000000000000560
Event: 0.161 Thread 0x0000000141818000 Uncommon trap: reason=unstable_if action=reinterpret pc=0x0000000116d5bb60 method=jdk.internal.module.Checks.isJavaIdentifier(Ljava/lang/String;)Z @ 4 c2
Event: 0.161 Thread 0x0000000141818000 DEOPT PACKING pc=0x0000000116d5bb60 sp=0x000000016d7cdaa0
Event: 0.161 Thread 0x0000000141818000 DEOPT UNPACKING pc=0x00000001167f701c sp=0x000000016d7cda30 mode 2
Event: 0.377 Thread 0x00000001411e4200 Uncommon trap: trap_request=0xffffff45 fr.pc=0x0000000116d86ae0 relative=0x00000000000006e0
Event: 0.377 Thread 0x00000001411e4200 Uncommon trap: reason=unstable_if action=reinterpret pc=0x0000000116d86ae0 method=java.util.zip.ZipFile$Source.checkAndAddEntry(II)I @ 50 c2
Event: 0.377 Thread 0x00000001411e4200 DEOPT PACKING pc=0x0000000116d86ae0 sp=0x000000016b154cf0
Event: 0.377 Thread 0x00000001411e4200 DEOPT UNPACKING pc=0x00000001167f701c sp=0x000000016b154c60 mode 2
Event: 0.379 Thread 0x00000001411e4200 DEOPT PACKING pc=0x000000010f3dfcb8 sp=0x000000016b1555b0
Event: 0.379 Thread 0x00000001411e4200 DEOPT UNPACKING pc=0x00000001167f6e7c sp=0x000000016b1552b0 mode 3
Event: 0.394 Thread 0x00000001411e4200 Uncommon trap: trap_request=0xffffff45 fr.pc=0x0000000116d7c854 relative=0x0000000000000054
Event: 0.394 Thread 0x00000001411e4200 Uncommon trap: reason=unstable_if action=reinterpret pc=0x0000000116d7c854 method=java.lang.StringLatin1.canEncode(I)Z @ 4 c2
Event: 0.394 Thread 0x00000001411e4200 DEOPT PACKING pc=0x0000000116d7c854 sp=0x000000016b153e10
Event: 0.394 Thread 0x00000001411e4200 DEOPT UNPACKING pc=0x00000001167f701c sp=0x000000016b153da0 mode 2
Event: 4.115 Thread 0x000000013080a800 Uncommon trap: trap_request=0xffffff45 fr.pc=0x0000000116d5ff2c relative=0x000000000000052c
Event: 4.115 Thread 0x000000013080a800 Uncommon trap: reason=unstable_if action=reinterpret pc=0x0000000116d5ff2c method=java.util.ImmutableCollections$SetN.probe(Ljava/lang/Object;)I @ 34 c2
Event: 4.115 Thread 0x000000013080a800 DEOPT PACKING pc=0x0000000116d5ff2c sp=0x000000016b3e88d0
Event: 4.115 Thread 0x000000013080a800 DEOPT UNPACKING pc=0x00000001167f701c sp=0x000000016b3e8860 mode 2

Classes loaded (20 events):
Event: 4.147 Loading class sun/awt/AWTAccessor$InputEventAccessor done
Event: 4.147 Loading class java/awt/event/InputEvent$1 done
Event: 4.147 Loading class sun/lwawt/macosx/LWCToolkit$2
Event: 4.147 Loading class sun/lwawt/macosx/LWCToolkit$2 done
Event: 4.147 Loading class java/awt/Toolkit$DesktopPropertyChangeSupport
Event: 4.147 Loading class java/beans/PropertyChangeSupport
Event: 4.147 Loading class java/beans/PropertyChangeSupport done
Event: 4.147 Loading class java/awt/Toolkit$DesktopPropertyChangeSupport done
Event: 4.147 Loading class java/beans/PropertyChangeSupport$PropertyChangeListenerMap
Event: 4.147 Loading class java/beans/ChangeListenerMap
Event: 4.148 Loading class java/beans/ChangeListenerMap done
Event: 4.148 Loading class java/beans/PropertyChangeSupport$PropertyChangeListenerMap done
Event: 4.148 Loading class java/beans/PropertyChangeListener
Event: 4.148 Loading class java/beans/PropertyChangeListener done
Event: 4.148 Loading class sun/awt/SunToolkit$ModalityListenerList
Event: 4.148 Loading class sun/awt/ModalityListener
Event: 4.148 Loading class sun/awt/ModalityListener done
Event: 4.148 Loading class sun/awt/SunToolkit$ModalityListenerList done
Event: 4.148 Loading class sun/awt/util/ThreadGroupUtils
Event: 4.148 Loading class sun/awt/util/ThreadGroupUtils done

Classes unloaded (0 events):
No events

Classes redefined (0 events):
No events

Internal exceptions (16 events):
Event: 0.113 Thread 0x000000013080a800 Implicit null exception at 0x0000000116d640fc to 0x0000000116d6421c
Event: 0.114 Thread 0x000000013080a800 Exception <a 'java/lang/NoSuchMethodError'{0x000000070fb97630}: 'void java.lang.invoke.DirectMethodHandle$Holder.invokeStatic(java.lang.Object, java.lang.Object, java.lang.Object, java.lang.Object)'> (0x000000070fb97630) 
thrown [open/src/hotspot/share/interpreter/linkResolver.cpp, line 773]
Event: 0.114 Thread 0x000000013080a800 Exception <a 'java/lang/NoSuchMethodError'{0x000000070fb9b368}: 'void java.lang.invoke.DirectMethodHandle$Holder.invokeSpecial(java.lang.Object, java.lang.Object, java.lang.Object, java.lang.Object, java.lang.Object)'> (0x000000070fb9b368) 
thrown [open/src/hotspot/share/interpreter/linkResolver.cpp, line 773]
Event: 0.116 Thread 0x000000013080a800 Exception <a 'java/lang/NoSuchMethodError'{0x000000070fbb20d8}: 'java.lang.Object java.lang.invoke.Invokers$Holder.invokeExact_MT(java.lang.Object, java.lang.Object, java.lang.Object, java.lang.Object, java.lang.Object, java.lang.Object)'> (0x000000070fbb20d8) 
thrown [open/src/hotspot/share/interpreter/linkResolver.cpp, line 773]
Event: 0.117 Thread 0x000000013080a800 Exception <a 'java/lang/NoSuchMethodError'{0x000000070fbb6bb0}: 'void java.lang.invoke.DirectMethodHandle$Holder.invokeStatic(java.lang.Object, java.lang.Object)'> (0x000000070fbb6bb0) 
thrown [open/src/hotspot/share/interpreter/linkResolver.cpp, line 773]
Event: 0.144 Thread 0x000000013080a800 Exception <a 'java/lang/NoSuchMethodError'{0x000000070f6fbec8}: 'void java.lang.invoke.DirectMethodHandle$Holder.invokeSpecial(java.lang.Object, java.lang.Object, java.lang.Object)'> (0x000000070f6fbec8) 
thrown [open/src/hotspot/share/interpreter/linkResolver.cpp, line 773]
Event: 0.150 Thread 0x000000013080a800 Exception <a 'java/lang/NoSuchMethodError'{0x000000070f73bf68}: 'void java.lang.invoke.DirectMethodHandle$Holder.invokeStatic(java.lang.Object, java.lang.Object, java.lang.Object)'> (0x000000070f73bf68) 
thrown [open/src/hotspot/share/interpreter/linkResolver.cpp, line 773]
Event: 0.232 Thread 0x000000013080a800 Exception <a 'java/lang/NoSuchMethodError'{0x000000070f4ec318}: 'int java.lang.invoke.DirectMethodHandle$Holder.invokeStaticInit(java.lang.Object, java.lang.Object, java.lang.Object)'> (0x000000070f4ec318) 
thrown [open/src/hotspot/share/interpreter/linkResolver.cpp, line 773]
Event: 0.350 Thread 0x00000001411e4200 Exception <a 'java/lang/NoSuchMethodError'{0x000000070f156278}: 'void java.lang.invoke.DirectMethodHandle$Holder.invokeStaticInit(java.lang.Object)'> (0x000000070f156278) 
thrown [open/src/hotspot/share/interpreter/linkResolver.cpp, line 773]
Event: 0.352 Thread 0x000000013080a800 Exception <a 'java/lang/NoSuchMethodError'{0x000000070f5c7188}: 'java.lang.Object java.lang.invoke.DirectMethodHandle$Holder.newInvokeSpecial(java.lang.Object, java.lang.Object, java.lang.Object, java.lang.Object, java.lang.Object, java.lang.Object)'> (0x000000070f5c7188) 
thrown [open/src/hotspot/share/interpreter/linkResolver.cpp, line 773]
Event: 0.355 Thread 0x000000013080a800 Exception <a 'java/lang/NoSuchMethodError'{0x000000070ee03c68}: 'java.lang.Object java.lang.invoke.DirectMethodHandle$Holder.newInvokeSpecial(java.lang.Object, java.lang.Object, java.lang.Object, java.lang.Object, java.lang.Object)'> (0x000000070ee03c68) 
thrown [open/src/hotspot/share/interpreter/linkResolver.cpp, line 773]
Event: 0.413 Thread 0x00000001411e4200 Exception <a 'java/lang/NoSuchMethodError'{0x000000070fc2abd0}: 'java.lang.Object java.lang.invoke.DirectMethodHandle$Holder.newInvokeSpecial(java.lang.Object, java.lang.Object, int)'> (0x000000070fc2abd0) 
thrown [open/src/hotspot/share/interpreter/linkResolver.cpp, line 773]
Event: 4.119 Thread 0x000000013080a800 Exception <a 'java/lang/ClassNotFoundException'{0x000000070fdb3038}: sun/awt/resources/spi/awtProvider> (0x000000070fdb3038) 
thrown [open/src/hotspot/share/classfile/systemDictionary.cpp, line 312]
Event: 4.132 Thread 0x000000013080a800 Exception <a 'java/io/FileNotFoundException'{0x000000070fdbaa28}> (0x000000070fdbaa28) 
thrown [open/src/hotspot/share/prims/jni.cpp, line 520]
Event: 4.132 Thread 0x000000013080a800 Exception <a 'java/io/FileNotFoundException'{0x000000070fdbbf40}> (0x000000070fdbbf40) 
thrown [open/src/hotspot/share/prims/jni.cpp, line 520]
Event: 4.143 Thread 0x000000013080a800 Exception <a 'java/lang/ClassNotFoundException'{0x000000070fdd3aa0}: sun/awt/resources/spi/awtosxProvider> (0x000000070fdd3aa0) 
thrown [open/src/hotspot/share/classfile/systemDictionary.cpp, line 312]

ZGC Phase Switch (0 events):
No events

VM Operations (16 events):
Event: 0.085 Executing VM operation: HandshakeAllThreads (Deoptimize)
Event: 0.085 Executing VM operation: HandshakeAllThreads (Deoptimize) done
Event: 0.100 Executing VM operation: HandshakeAllThreads (Deoptimize)
Event: 0.100 Executing VM operation: HandshakeAllThreads (Deoptimize) done
Event: 0.117 Executing VM operation: ICBufferFull
Event: 0.117 Executing VM operation: ICBufferFull done
Event: 0.385 Executing VM operation: G1CollectForAllocation (G1 Evacuation Pause)
Event: 0.387 Executing VM operation: G1CollectForAllocation (G1 Evacuation Pause) done
Event: 1.391 Executing VM operation: Cleanup
Event: 1.391 Executing VM operation: Cleanup done
Event: 4.137 Executing VM operation: HandshakeAllThreads (Deoptimize)
Event: 4.137 Executing VM operation: HandshakeAllThreads (Deoptimize) done
Event: 4.137 Executing VM operation: Cleanup
Event: 4.137 Executing VM operation: Cleanup done
Event: 4.142 Executing VM operation: HandshakeAllThreads (Deoptimize)
Event: 4.142 Executing VM operation: HandshakeAllThreads (Deoptimize) done

Events (20 events):
Event: 0.242 Thread 0x00000001420aca00 Thread added: 0x00000001420aca00
Event: 0.242 Protecting memory [0x000000016d7d8000,0x000000016d7e4000] with protection modes 0
Event: 0.243 Protecting memory [0x000000016a960000,0x000000016a96c000] with protection modes 0
Event: 0.243 Thread 0x00000001411e4200 Thread added: 0x00000001411e4200
Event: 0.271 Thread 0x00000001420d7000 Thread added: 0x00000001420d7000
Event: 0.271 Protecting memory [0x000000016d9e4000,0x000000016d9f0000] with protection modes 0
Event: 0.329 Protecting memory [0x000000016d9e4000,0x000000016d9f0000] with protection modes 3
Event: 0.329 Thread 0x00000001420d7000 Thread exited: 0x00000001420d7000
Event: 0.355 Thread 0x00000001420ede00 Thread added: 0x00000001420ede00
Event: 0.355 Protecting memory [0x000000016de20000,0x000000016de2c000] with protection modes 0
Event: 0.361 Protecting memory [0x000000016d9e4000,0x000000016d9f0000] with protection modes 0
Event: 0.361 Thread 0x00000001418b9000 Thread added: 0x00000001418b9000
Event: 0.686 Protecting memory [0x000000016d9e4000,0x000000016d9f0000] with protection modes 3
Event: 0.686 Thread 0x00000001418b9000 Thread exited: 0x00000001418b9000
Event: 4.104 Protecting memory [0x000000016de20000,0x000000016de2c000] with protection modes 3
Event: 4.104 Thread 0x00000001420ede00 Thread exited: 0x00000001420ede00
Event: 4.104 Protecting memory [0x000000016d5cc000,0x000000016d5d8000] with protection modes 3
Event: 4.104 Thread 0x0000000141818000 Thread exited: 0x0000000141818000
Event: 4.104 Protecting memory [0x000000016a960000,0x000000016a96c000] with protection modes 3
Event: 4.104 Thread 0x00000001411e4200 Thread exited: 0x00000001411e4200


Dynamic libraries:
0x0000000104d60000 	/Library/Java/JavaVirtualMachines/jdk-21.0.2.jdk/Contents/Home/lib/libjli.dylib
0x00000001afcfc000 	/System/Library/Frameworks/Cocoa.framework/Versions/A/Cocoa
0x000000019bc17000 	/System/Library/Frameworks/AppKit.framework/Versions/C/AppKit
0x000000019e5b1000 	/System/Library/Frameworks/CoreData.framework/Versions/A/CoreData
0x00000001998a3000 	/System/Library/Frameworks/Foundation.framework/Versions/C/Foundation
0x00000001a3f35000 	/usr/lib/libSystem.B.dylib
0x000000019cb1f000 	/System/Library/PrivateFrameworks/UIFoundation.framework/Versions/A/UIFoundation
0x00000002035bf000 	/System/Library/PrivateFrameworks/CollectionViewCore.framework/Versions/A/CollectionViewCore
0x00000001aa1bd000 	/System/Library/PrivateFrameworks/RemoteViewServices.framework/Versions/A/RemoteViewServices
0x00000001a2385000 	/System/Library/PrivateFrameworks/XCTTargetBootstrap.framework/Versions/A/XCTTargetBootstrap
0x00000001a5cc7000 	/System/Library/PrivateFrameworks/InternationalSupport.framework/Versions/A/InternationalSupport
0x00000001a5d4e000 	/System/Library/PrivateFrameworks/UserActivity.framework/Versions/A/UserActivity
0x000000021a188000 	/System/Library/PrivateFrameworks/WindowManagement.framework/Versions/A/WindowManagement
0x000000019956d000 	/System/Library/Frameworks/SystemConfiguration.framework/Versions/A/SystemConfiguration
0x00000001a51cc000 	/usr/lib/libspindump.dylib
0x000000019ccc4000 	/System/Library/Frameworks/UniformTypeIdentifiers.framework/Versions/A/UniformTypeIdentifiers
0x00000001a06b0000 	/usr/lib/libapp_launch_measurement.dylib
0x000000019fb62000 	/System/Library/PrivateFrameworks/CoreAnalytics.framework/Versions/A/CoreAnalytics
0x00000001a06b7000 	/System/Library/PrivateFrameworks/CoreAutoLayout.framework/Versions/A/CoreAutoLayout
0x00000001a1ba7000 	/System/Library/Frameworks/Metal.framework/Versions/A/Metal
0x00000001a2adc000 	/usr/lib/liblangid.dylib
0x00000001a238b000 	/System/Library/PrivateFrameworks/CoreSVG.framework/Versions/A/CoreSVG
0x000000019d5e5000 	/System/Library/PrivateFrameworks/SkyLight.framework/Versions/A/SkyLight
0x000000019d9fc000 	/System/Library/Frameworks/CoreGraphics.framework/Versions/A/CoreGraphics
0x00000001aa88c000 	/System/Library/Frameworks/Accelerate.framework/Versions/A/Accelerate
0x00000001a4c3a000 	/System/Library/PrivateFrameworks/IconServices.framework/Versions/A/IconServices
0x00000001a1b87000 	/System/Library/Frameworks/IOSurface.framework/Versions/A/IOSurface
0x000000019fb8f000 	/usr/lib/libDiagnosticMessagesClient.dylib
0x00000001a3e7b000 	/usr/lib/libz.1.dylib
0x00000001adae8000 	/System/Library/Frameworks/ApplicationServices.framework/Versions/A/ApplicationServices
0x00000001a236d000 	/System/Library/PrivateFrameworks/DFRFoundation.framework/Versions/A/DFRFoundation
0x000000019b495000 	/usr/lib/libicucore.A.dylib
0x00000001a6c56000 	/System/Library/Frameworks/AudioToolbox.framework/Versions/A/AudioToolbox
0x00000001a5cd2000 	/System/Library/PrivateFrameworks/DataDetectorsCore.framework/Versions/A/DataDetectorsCore
0x00000001bccde000 	/System/Library/PrivateFrameworks/TextInput.framework/Versions/A/TextInput
0x000000019d54a000 	/usr/lib/libMobileGestalt.dylib
0x00000001a2039000 	/System/Library/Frameworks/Carbon.framework/Versions/A/Frameworks/HIToolbox.framework/Versions/A/HIToolbox
0x00000001a003a000 	/System/Library/Frameworks/QuartzCore.framework/Versions/A/QuartzCore
0x000000019b0f2000 	/System/Library/Frameworks/Security.framework/Versions/A/Security
0x00000001aa1fd000 	/System/Library/Frameworks/Carbon.framework/Versions/A/Frameworks/SpeechRecognition.framework/Versions/A/SpeechRecognition
0x00000001a03ef000 	/System/Library/PrivateFrameworks/CoreUI.framework/Versions/A/CoreUI
0x000000019aa12000 	/System/Library/Frameworks/CoreAudio.framework/Versions/A/CoreAudio
0x000000019fc6b000 	/System/Library/Frameworks/DiskArbitration.framework/Versions/A/DiskArbitration
0x00000001a55ff000 	/System/Library/PrivateFrameworks/MultitouchSupport.framework/Versions/A/MultitouchSupport
0x000000019d548000 	/usr/lib/libenergytrace.dylib
0x000000019bada000 	/System/Library/Frameworks/IOKit.framework/Versions/A/IOKit
0x00000001aa5e0000 	/System/Library/Frameworks/CoreServices.framework/Versions/A/CoreServices
0x00000001a063d000 	/System/Library/PrivateFrameworks/PerformanceAnalysis.framework/Versions/A/PerformanceAnalysis
0x00000001e6c61000 	/System/Library/Frameworks/OpenGL.framework/Versions/A/OpenGL
0x00000001a0701000 	/usr/lib/libxml2.2.dylib
0x00000001a34a9000 	/System/Library/PrivateFrameworks/MobileKeyBag.framework/Versions/A/MobileKeyBag
0x00000001985a4000 	/usr/lib/libobjc.A.dylib
0x000000019885b000 	/usr/lib/libc++.1.dylib
0x000000019e046000 	/System/Library/Frameworks/ColorSync.framework/Versions/A/ColorSync
0x0000000198978000 	/System/Library/Frameworks/CoreFoundation.framework/Versions/A/CoreFoundation
0x00000001a2703000 	/System/Library/Frameworks/CoreImage.framework/Versions/A/CoreImage
0x000000019a833000 	/System/Library/Frameworks/CoreText.framework/Versions/A/CoreText
0x00000001a23c4000 	/System/Library/Frameworks/ImageIO.framework/Versions/A/ImageIO
0x00000001a3f3b000 	/System/Library/PrivateFrameworks/SoftLinking.framework/Versions/A/SoftLinking
0x00000001a41ce000 	/usr/lib/libcompression.dylib
0x00000001a5c23000 	/System/Library/PrivateFrameworks/TextureIO.framework/Versions/A/TextureIO
0x00000001a490c000 	/usr/lib/libate.dylib
0x00000001a3f2f000 	/usr/lib/system/libcache.dylib
0x00000001a3ee8000 	/usr/lib/system/libcommonCrypto.dylib
0x00000001a3f16000 	/usr/lib/system/libcompiler_rt.dylib
0x00000001a3f0c000 	/usr/lib/system/libcopyfile.dylib
0x00000001986d7000 	/usr/lib/system/libcorecrypto.dylib
0x000000019878f000 	/usr/lib/system/libdispatch.dylib
0x0000000198920000 	/usr/lib/system/libdyld.dylib
0x00000001a3f25000 	/usr/lib/system/libkeymgr.dylib
0x00000001a3ec6000 	/usr/lib/system/libmacho.dylib
0x00000001a35a2000 	/usr/lib/system/libquarantine.dylib
0x00000001a3f22000 	/usr/lib/system/libremovefile.dylib
0x000000019d5af000 	/usr/lib/system/libsystem_asl.dylib
0x0000000198675000 	/usr/lib/system/libsystem_blocks.dylib
0x00000001987da000 	/usr/lib/system/libsystem_c.dylib
0x00000001a3f1a000 	/usr/lib/system/libsystem_collections.dylib
0x00000001a2acb000 	/usr/lib/system/libsystem_configuration.dylib
0x00000001a1b55000 	/usr/lib/system/libsystem_containermanager.dylib
0x00000001a3bd7000 	/usr/lib/system/libsystem_coreservices.dylib
0x000000019b74c000 	/usr/lib/system/libsystem_darwin.dylib
0x00000001a3f26000 	/usr/lib/system/libsystem_dnssd.dylib
0x00000001987d7000 	/usr/lib/system/libsystem_featureflags.dylib
0x000000019894c000 	/usr/lib/system/libsystem_info.dylib
0x00000001a3e8d000 	/usr/lib/system/libsystem_m.dylib
0x0000000198763000 	/usr/lib/system/libsystem_malloc.dylib
0x000000019d52f000 	/usr/lib/system/libsystem_networkextension.dylib
0x000000019bbb6000 	/usr/lib/system/libsystem_notify.dylib
0x00000001a2ad0000 	/usr/lib/system/libsystem_sandbox.dylib
0x00000001a3f1f000 	/usr/lib/system/libsystem_secinit.dylib
0x00000001988da000 	/usr/lib/system/libsystem_kernel.dylib
0x0000000198944000 	/usr/lib/system/libsystem_platform.dylib
0x0000000198913000 	/usr/lib/system/libsystem_pthread.dylib
0x000000019ed7e000 	/usr/lib/system/libsystem_symptoms.dylib
0x00000001986bd000 	/usr/lib/system/libsystem_trace.dylib
0x00000001a3ef9000 	/usr/lib/system/libunwind.dylib
0x000000019867a000 	/usr/lib/system/libxpc.dylib
0x00000001988c2000 	/usr/lib/libc++abi.dylib
0x00000001a3f04000 	/usr/lib/liboah.dylib
0x00000001a47cb000 	/usr/lib/liblzma.5.dylib
0x00000001a3f37000 	/usr/lib/libfakelink.dylib
0x000000019d16f000 	/System/Library/Frameworks/CFNetwork.framework/Versions/A/CFNetwork
0x00000001a4076000 	/usr/lib/libarchive.2.dylib
0x00000001a854a000 	/System/Library/Frameworks/Combine.framework/Versions/A/Combine
0x00000001a6620000 	/usr/lib/swift/libswiftCore.dylib
0x00000001b9de2000 	/usr/lib/swift/libswiftCoreFoundation.dylib
0x00000001b7ce2000 	/usr/lib/swift/libswiftDarwin.dylib
0x00000001abafc000 	/usr/lib/swift/libswiftDispatch.dylib
0x00000001b9e03000 	/usr/lib/swift/libswiftIOKit.dylib
0x00000001adf03000 	/usr/lib/swift/libswiftObjectiveC.dylib
0x00000001b9df6000 	/usr/lib/swift/libswiftXPC.dylib
0x000000022096b000 	/usr/lib/swift/libswift_Concurrency.dylib
0x0000000220abd000 	/usr/lib/swift/libswift_StringProcessing.dylib
0x00000001adf07000 	/usr/lib/swift/libswiftos.dylib
0x000000019ba5f000 	/System/Library/PrivateFrameworks/CoreServicesInternal.framework/Versions/A/CoreServicesInternal
0x00000001a35cd000 	/usr/lib/libbsm.0.dylib
0x00000001a3ecc000 	/usr/lib/system/libkxld.dylib
0x00000001a0679000 	/System/Library/Frameworks/CoreServices.framework/Versions/A/Frameworks/FSEvents.framework/Versions/A/FSEvents
0x000000019b757000 	/System/Library/Frameworks/CoreServices.framework/Versions/A/Frameworks/CarbonCore.framework/Versions/A/CarbonCore
0x000000019fbd2000 	/System/Library/Frameworks/CoreServices.framework/Versions/A/Frameworks/Metadata.framework/Versions/A/Metadata
0x00000001a3bdd000 	/System/Library/Frameworks/CoreServices.framework/Versions/A/Frameworks/OSServices.framework/Versions/A/OSServices
0x00000001a40fd000 	/System/Library/Frameworks/CoreServices.framework/Versions/A/Frameworks/SearchKit.framework/Versions/A/SearchKit
0x000000019ed01000 	/System/Library/Frameworks/CoreServices.framework/Versions/A/Frameworks/AE.framework/Versions/A/AE
0x0000000198e50000 	/System/Library/Frameworks/CoreServices.framework/Versions/A/Frameworks/LaunchServices.framework/Versions/A/LaunchServices
0x00000001a4774000 	/System/Library/Frameworks/CoreServices.framework/Versions/A/Frameworks/DictionaryServices.framework/Versions/A/DictionaryServices
0x00000001a0686000 	/System/Library/Frameworks/CoreServices.framework/Versions/A/Frameworks/SharedFileList.framework/Versions/A/SharedFileList
0x00000001a419c000 	/usr/lib/libapple_nghttp2.dylib
0x000000019d16b000 	/usr/lib/libnetwork.dylib
0x000000019e986000 	/usr/lib/libsqlite3.dylib
0x000000019ed87000 	/System/Library/Frameworks/Network.framework/Versions/A/Network
0x000000021faf1000 	/usr/lib/libCoreEntitlements.dylib
0x000000020c9fe000 	/System/Library/PrivateFrameworks/MessageSecurity.framework/Versions/A/MessageSecurity
0x000000019e96c000 	/System/Library/PrivateFrameworks/ProtocolBuffer.framework/Versions/A/ProtocolBuffer
0x00000001a3bb9000 	/System/Library/PrivateFrameworks/AppleFSCompression.framework/Versions/A/AppleFSCompression
0x00000001a35b5000 	/usr/lib/libcoretls.dylib
0x00000001a47e4000 	/usr/lib/libcoretls_cfhelpers.dylib
0x00000001a41c9000 	/usr/lib/libpam.2.dylib
0x00000001a484a000 	/usr/lib/libxar.1.dylib
0x00000001a4c15000 	/usr/lib/libheimdal-asn1.dylib
0x00000001a3f3c000 	/usr/lib/libpcap.A.dylib
0x000000019ed74000 	/usr/lib/libdns_services.dylib
0x00000001a2ad8000 	/System/Library/PrivateFrameworks/AppleSystemInfo.framework/Versions/A/AppleSystemInfo
0x00000001a32aa000 	/System/Library/PrivateFrameworks/IOMobileFramebuffer.framework/Versions/A/IOMobileFramebuffer
0x00000001a3bca000 	/usr/lib/libbz2.1.0.dylib
0x00000001a35a5000 	/usr/lib/libCheckFix.dylib
0x000000019d5c7000 	/System/Library/PrivateFrameworks/TCC.framework/Versions/A/TCC
0x00000001a2ade000 	/System/Library/PrivateFrameworks/CoreNLP.framework/Versions/A/CoreNLP
0x000000019fb91000 	/System/Library/PrivateFrameworks/MetadataUtilities.framework/Versions/A/MetadataUtilities
0x00000001a35de000 	/usr/lib/libmecab.dylib
0x00000001995f7000 	/usr/lib/libCRFSuite.dylib
0x00000001a363b000 	/usr/lib/libgermantok.dylib
0x00000001a4175000 	/usr/lib/libThaiTokenizer.dylib
0x000000019fc74000 	/System/Library/Frameworks/Accelerate.framework/Versions/A/Frameworks/vImage.framework/Versions/A/vImage
0x00000001aa5b7000 	/System/Library/Frameworks/Accelerate.framework/Versions/A/Frameworks/vecLib.framework/Versions/A/vecLib
0x00000001a4890000 	/System/Library/Frameworks/Accelerate.framework/Versions/A/Frameworks/vecLib.framework/Versions/A/libvMisc.dylib
0x00000001a31aa000 	/System/Library/Frameworks/Accelerate.framework/Versions/A/Frameworks/vecLib.framework/Versions/A/libvDSP.dylib
0x0000000199203000 	/System/Library/Frameworks/Accelerate.framework/Versions/A/Frameworks/vecLib.framework/Versions/A/libBLAS.dylib
0x00000001a42a0000 	/System/Library/Frameworks/Accelerate.framework/Versions/A/Frameworks/vecLib.framework/Versions/A/libLAPACK.dylib
0x00000001a363e000 	/System/Library/Frameworks/Accelerate.framework/Versions/A/Frameworks/vecLib.framework/Versions/A/libLinearAlgebra.dylib
0x00000001a41b4000 	/System/Library/Frameworks/Accelerate.framework/Versions/A/Frameworks/vecLib.framework/Versions/A/libSparseBLAS.dylib
0x00000001a429b000 	/System/Library/Frameworks/Accelerate.framework/Versions/A/Frameworks/vecLib.framework/Versions/A/libQuadrature.dylib
0x00000001a2bd7000 	/System/Library/Frameworks/Accelerate.framework/Versions/A/Frameworks/vecLib.framework/Versions/A/libBNNS.dylib
0x0000000199506000 	/System/Library/Frameworks/Accelerate.framework/Versions/A/Frameworks/vecLib.framework/Versions/A/libSparse.dylib
0x000000020bd6a000 	/System/Library/PrivateFrameworks/MIL.framework/Versions/A/MIL
0x00000001a3f71000 	/usr/lib/libiconv.2.dylib
0x00000001a3ec5000 	/usr/lib/libcharset.1.dylib
0x00000001a0659000 	/System/Library/Frameworks/OpenDirectory.framework/Versions/A/Frameworks/CFOpenDirectory.framework/Versions/A/CFOpenDirectory
0x00000001a0649000 	/System/Library/Frameworks/OpenDirectory.framework/Versions/A/OpenDirectory
0x00000001a47e6000 	/System/Library/PrivateFrameworks/APFS.framework/Versions/A/APFS
0x00000001a34e0000 	/System/Library/Frameworks/SecurityFoundation.framework/Versions/A/SecurityFoundation
0x00000001a4859000 	/usr/lib/libutil.dylib
0x000000020ae62000 	/System/Library/PrivateFrameworks/InstalledContentLibrary.framework/Versions/A/InstalledContentLibrary
0x000000019ba9d000 	/System/Library/PrivateFrameworks/CoreServicesStore.framework/Versions/A/CoreServicesStore
0x0000000201f36000 	/System/Library/PrivateFrameworks/AppleMobileFileIntegrity.framework/Versions/A/AppleMobileFileIntegrity
0x00000001b9dc1000 	/usr/lib/libmis.dylib
0x00000001c7bc4000 	/System/Library/PrivateFrameworks/MobileSystemServices.framework/Versions/A/MobileSystemServices
0x00000001e1fa1000 	/System/Library/PrivateFrameworks/ConfigProfileHelper.framework/Versions/A/ConfigProfileHelper
0x00000001a4177000 	/System/Library/PrivateFrameworks/AppleSauce.framework/Versions/A/AppleSauce
0x000000019a2dc000 	/System/Library/PrivateFrameworks/LanguageModeling.framework/Versions/A/LanguageModeling
0x00000001a485d000 	/usr/lib/libxslt.1.dylib
0x00000001a4064000 	/usr/lib/libcmph.dylib
0x00000001a3297000 	/System/Library/PrivateFrameworks/CoreEmoji.framework/Versions/A/CoreEmoji
0x00000001a2bd1000 	/System/Library/PrivateFrameworks/LinguisticData.framework/Versions/A/LinguisticData
0x00000001994be000 	/System/Library/PrivateFrameworks/Lexicon.framework/Versions/A/Lexicon
0x00000001a3573000 	/System/Library/PrivateFrameworks/BackgroundTaskManagement.framework/Versions/A/BackgroundTaskManagement
0x000000021fc90000 	/usr/lib/libTLE.dylib
0x0000000220a08000 	/usr/lib/swift/libswift_RegexParser.dylib
0x00000001a54c4000 	/System/Library/PrivateFrameworks/AppleJPEG.framework/Versions/A/AppleJPEG
0x00000001a4bfa000 	/usr/lib/libexpat.1.dylib
0x00000001a5a85000 	/System/Library/Frameworks/ImageIO.framework/Versions/A/Resources/libPng.dylib
0x00000001a5ab0000 	/System/Library/Frameworks/ImageIO.framework/Versions/A/Resources/libTIFF.dylib
0x00000001a5b99000 	/System/Library/Frameworks/ImageIO.framework/Versions/A/Resources/libGIF.dylib
0x00000001a5509000 	/System/Library/Frameworks/ImageIO.framework/Versions/A/Resources/libJP2.dylib
0x00000001a5b3d000 	/System/Library/Frameworks/ImageIO.framework/Versions/A/Resources/libJPEG.dylib
0x00000001a5b34000 	/System/Library/Frameworks/ImageIO.framework/Versions/A/Resources/libRadiance.dylib
0x00000001a1ec2000 	/System/Library/PrivateFrameworks/FontServices.framework/libFontParser.dylib
0x000000019eca3000 	/System/Library/PrivateFrameworks/RunningBoardServices.framework/Versions/A/RunningBoardServices
0x00000001b0425000 	/System/Library/PrivateFrameworks/IOSurfaceAccelerator.framework/Versions/A/IOSurfaceAccelerator
0x00000001a55fb000 	/System/Library/PrivateFrameworks/WatchdogClient.framework/Versions/A/WatchdogClient
0x000000019a455000 	/System/Library/Frameworks/CoreDisplay.framework/Versions/A/CoreDisplay
0x00000001a1d9d000 	/System/Library/Frameworks/CoreMedia.framework/Versions/A/CoreMedia
0x00000001a1b9d000 	/System/Library/PrivateFrameworks/IOAccelerator.framework/Versions/A/IOAccelerator
0x00000001a07ea000 	/System/Library/Frameworks/CoreVideo.framework/Versions/A/CoreVideo
0x00000001a41c7000 	/System/Library/Frameworks/MetalPerformanceShaders.framework/Versions/A/MetalPerformanceShaders
0x00000001a563a000 	/System/Library/Frameworks/VideoToolbox.framework/Versions/A/VideoToolbox
0x000000019ebe7000 	/System/Library/PrivateFrameworks/BaseBoard.framework/Versions/A/BaseBoard
0x00000001a5b2f000 	/System/Library/PrivateFrameworks/GPUWrangler.framework/Versions/A/GPUWrangler
0x00000001a5b0f000 	/System/Library/PrivateFrameworks/IOPresentment.framework/Versions/A/IOPresentment
0x00000001a5b37000 	/System/Library/PrivateFrameworks/DSExternalDisplay.framework/Versions/A/DSExternalDisplay
0x00000002076bc000 	/System/Library/PrivateFrameworks/GPUCompiler.framework/Versions/31001/Libraries/libllvm-flatbuffers.dylib
0x00000001e6c54000 	/System/Library/Frameworks/OpenGL.framework/Versions/A/Libraries/libCoreFSCache.dylib
0x00000002076b8000 	/System/Library/PrivateFrameworks/GPUCompiler.framework/Versions/31001/Libraries/libGPUCompilerUtils.dylib
0x00000001a5b9f000 	/System/Library/PrivateFrameworks/CMCaptureCore.framework/Versions/A/CMCaptureCore
0x00000001fc1e9000 	/System/Library/Frameworks/ExtensionFoundation.framework/Versions/A/ExtensionFoundation
0x00000001ac2a1000 	/System/Library/PrivateFrameworks/CoreTime.framework/Versions/A/CoreTime
0x00000001a51b7000 	/System/Library/PrivateFrameworks/AppServerSupport.framework/Versions/A/AppServerSupport
0x00000001a7538000 	/System/Library/PrivateFrameworks/perfdata.framework/Versions/A/perfdata
0x000000019a575000 	/System/Library/PrivateFrameworks/AudioToolboxCore.framework/Versions/A/AudioToolboxCore
0x00000001a1d73000 	/System/Library/PrivateFrameworks/caulk.framework/Versions/A/caulk
0x00000001a6df5000 	/usr/lib/libAudioStatistics.dylib
0x00000001b91fd000 	/System/Library/PrivateFrameworks/SystemPolicy.framework/Versions/A/SystemPolicy
0x00000001a7097000 	/usr/lib/libSMC.dylib
0x00000001afbd1000 	/System/Library/Frameworks/CoreMIDI.framework/Versions/A/CoreMIDI
0x00000001a5a52000 	/usr/lib/libAudioToolboxUtility.dylib
0x00000001b4fb5000 	/System/Library/PrivateFrameworks/OSAServicesClient.framework/Versions/A/OSAServicesClient
0x00000001a7545000 	/usr/lib/libperfcheck.dylib
0x00000001a4ae5000 	/System/Library/PrivateFrameworks/PlugInKit.framework/Versions/A/PlugInKit
0x00000001a34d2000 	/System/Library/PrivateFrameworks/AssertionServices.framework/Versions/A/AssertionServices
0x00000001e6cb6000 	/System/Library/Frameworks/OpenGL.framework/Versions/A/Libraries/libGLU.dylib
0x00000001e6c75000 	/System/Library/Frameworks/OpenGL.framework/Versions/A/Libraries/libGFXShared.dylib
0x00000001e6e5c000 	/System/Library/Frameworks/OpenGL.framework/Versions/A/Libraries/libGL.dylib
0x00000001e6c7e000 	/System/Library/Frameworks/OpenGL.framework/Versions/A/Libraries/libGLImage.dylib
0x00000001e6c72000 	/System/Library/Frameworks/OpenGL.framework/Versions/A/Libraries/libCVMSPluginSupport.dylib
0x000000021fc6f000 	/usr/lib/libRosetta.dylib
0x00000001e6c5b000 	/System/Library/Frameworks/OpenGL.framework/Versions/A/Libraries/libCoreVMClient.dylib
0x00000001a2a55000 	/System/Library/Frameworks/MetalPerformanceShaders.framework/Versions/A/Frameworks/MPSCore.framework/Versions/A/MPSCore
0x00000001a3b2f000 	/System/Library/Frameworks/MetalPerformanceShaders.framework/Versions/A/Frameworks/MPSImage.framework/Versions/A/MPSImage
0x00000001a3653000 	/System/Library/Frameworks/MetalPerformanceShaders.framework/Versions/A/Frameworks/MPSNeuralNetwork.framework/Versions/A/MPSNeuralNetwork
0x00000001a3a3f000 	/System/Library/Frameworks/MetalPerformanceShaders.framework/Versions/A/Frameworks/MPSMatrix.framework/Versions/A/MPSMatrix
0x00000001a3851000 	/System/Library/Frameworks/MetalPerformanceShaders.framework/Versions/A/Frameworks/MPSRayIntersector.framework/Versions/A/MPSRayIntersector
0x00000001a3a6d000 	/System/Library/Frameworks/MetalPerformanceShaders.framework/Versions/A/Frameworks/MPSNDArray.framework/Versions/A/MPSNDArray
0x00000001fd5a2000 	/System/Library/Frameworks/MetalPerformanceShaders.framework/Versions/A/Frameworks/MPSFunctions.framework/Versions/A/MPSFunctions
0x00000001990c9000 	/System/Library/PrivateFrameworks/MetalTools.framework/Versions/A/MetalTools
0x00000001a2ad6000 	/System/Library/PrivateFrameworks/AggregateDictionary.framework/Versions/A/AggregateDictionary
0x00000001a499e000 	/usr/lib/libIOReport.dylib
0x00000001aedc7000 	/System/Library/PrivateFrameworks/ASEProcessing.framework/Versions/A/ASEProcessing
0x00000001a4d55000 	/System/Library/PrivateFrameworks/GraphVisualizer.framework/Versions/A/GraphVisualizer
0x00000002075c9000 	/System/Library/PrivateFrameworks/FontServices.framework/Versions/A/FontServices
0x00000001a5175000 	/System/Library/PrivateFrameworks/OTSVG.framework/Versions/A/OTSVG
0x00000001a039d000 	/System/Library/Frameworks/ApplicationServices.framework/Versions/A/Frameworks/ATS.framework/Versions/A/Resources/libFontRegistry.dylib
0x00000001a51c1000 	/System/Library/PrivateFrameworks/FontServices.framework/libhvf.dylib
0x00000002075ca000 	/System/Library/PrivateFrameworks/FontServices.framework/libXTFontStaticRegistryData.dylib
0x0000000218fee000 	/System/Library/PrivateFrameworks/VideoToolboxParavirtualizationSupport.framework/Versions/A/VideoToolboxParavirtualizationSupport
0x00000001a4bae000 	/System/Library/PrivateFrameworks/AppleVA.framework/Versions/A/AppleVA
0x00000001a6e35000 	/System/Library/Frameworks/ApplicationServices.framework/Versions/A/Frameworks/ATS.framework/Versions/A/ATS
0x000000019e139000 	/System/Library/Frameworks/ApplicationServices.framework/Versions/A/Frameworks/HIServices.framework/Versions/A/HIServices
0x00000001a5bab000 	/System/Library/Frameworks/ApplicationServices.framework/Versions/A/Frameworks/PrintCore.framework/Versions/A/PrintCore
0x00000001a71f0000 	/System/Library/Frameworks/ApplicationServices.framework/Versions/A/Frameworks/QD.framework/Versions/A/QD
0x00000001a71e4000 	/System/Library/Frameworks/ApplicationServices.framework/Versions/A/Frameworks/ColorSyncLegacy.framework/Versions/A/ColorSyncLegacy
0x00000001a6e09000 	/System/Library/Frameworks/ApplicationServices.framework/Versions/A/Frameworks/SpeechSynthesis.framework/Versions/A/SpeechSynthesis
0x00000001a5b69000 	/System/Library/Frameworks/ApplicationServices.framework/Versions/A/Frameworks/ATSUI.framework/Versions/A/ATSUI
0x00000001a7177000 	/usr/lib/libcups.2.dylib
0x00000001a7553000 	/System/Library/Frameworks/Kerberos.framework/Versions/A/Kerberos
0x00000001a7564000 	/System/Library/Frameworks/GSS.framework/Versions/A/GSS
0x00000001a6ea7000 	/usr/lib/libresolv.9.dylib
0x00000001a51d1000 	/System/Library/PrivateFrameworks/Heimdal.framework/Versions/A/Heimdal
0x00000001ade86000 	/System/Library/Frameworks/Kerberos.framework/Versions/A/Libraries/libHeimdalProxy.dylib
0x00000001a75b4000 	/System/Library/PrivateFrameworks/CommonAuth.framework/Versions/A/CommonAuth
0x00000001e7eb4000 	/System/Library/Frameworks/AVFAudio.framework/Versions/A/AVFAudio
0x00000001b5004000 	/System/Library/PrivateFrameworks/AXCoreUtilities.framework/Versions/A/AXCoreUtilities
0x00000001a6d81000 	/System/Library/PrivateFrameworks/AudioSession.framework/Versions/A/AudioSession
0x00000001a8303000 	/System/Library/Frameworks/IOBluetooth.framework/Versions/A/IOBluetooth
0x00000001a4caf000 	/System/Library/PrivateFrameworks/MediaExperience.framework/Versions/A/MediaExperience
0x00000001a6c1c000 	/System/Library/PrivateFrameworks/AudioSession.framework/libSessionUtility.dylib
0x00000001a71fc000 	/System/Library/PrivateFrameworks/AudioResourceArbitration.framework/Versions/A/AudioResourceArbitration
0x00000001ab1d6000 	/System/Library/PrivateFrameworks/PowerLog.framework/Versions/A/PowerLog
0x00000001ab119000 	/System/Library/Frameworks/CoreBluetooth.framework/Versions/A/CoreBluetooth
0x00000001ade87000 	/System/Library/Frameworks/AudioUnit.framework/Versions/A/AudioUnit
0x00000001a3335000 	/System/Library/PrivateFrameworks/CoreUtils.framework/Versions/A/CoreUtils
0x0000000205ffe000 	/System/Library/PrivateFrameworks/CoreUtilsExtras.framework/Versions/A/CoreUtilsExtras
0x000000020ad00000 	/System/Library/PrivateFrameworks/IO80211.framework/Versions/A/IO80211
0x00000001a4c1f000 	/System/Library/PrivateFrameworks/IconFoundation.framework/Versions/A/IconFoundation
0x00000001aa1e9000 	/System/Library/PrivateFrameworks/SpeechRecognitionCore.framework/Versions/A/SpeechRecognitionCore
0x0000000105e38000 	/Library/Java/JavaVirtualMachines/jdk-21.0.2.jdk/Contents/Home/lib/server/libjvm.dylib
0x0000000104d10000 	/Library/Java/JavaVirtualMachines/jdk-21.0.2.jdk/Contents/Home/lib/libjimage.dylib
0x0000000104e1c000 	/Library/Java/JavaVirtualMachines/jdk-21.0.2.jdk/Contents/Home/lib/libjava.dylib
0x00000001058ac000 	/Library/Java/JavaVirtualMachines/jdk-21.0.2.jdk/Contents/Home/lib/libnio.dylib
0x00000001058cc000 	/Library/Java/JavaVirtualMachines/jdk-21.0.2.jdk/Contents/Home/lib/libnet.dylib
0x000000010590c000 	/Library/Java/JavaVirtualMachines/jdk-21.0.2.jdk/Contents/Home/lib/libzip.dylib
0x00000001058e4000 	/Users/havardvd/.openjfx/cache/21.0.2+5/aarch64/libprism_es2.dylib
0x00000001b8c15000 	/System/Library/Frameworks/Carbon.framework/Versions/A/Carbon
0x00000001b1933000 	/System/Library/Frameworks/Carbon.framework/Versions/A/Frameworks/CommonPanels.framework/Versions/A/CommonPanels
0x00000001ad81b000 	/System/Library/Frameworks/Carbon.framework/Versions/A/Frameworks/Help.framework/Versions/A/Help
0x00000001b1937000 	/System/Library/Frameworks/Carbon.framework/Versions/A/Frameworks/ImageCapture.framework/Versions/A/ImageCapture
0x00000001b1903000 	/System/Library/Frameworks/Carbon.framework/Versions/A/Frameworks/OpenScripting.framework/Versions/A/OpenScripting
0x00000001b192f000 	/System/Library/Frameworks/Carbon.framework/Versions/A/Frameworks/Ink.framework/Versions/A/Ink
0x00000001b8c11000 	/System/Library/Frameworks/Carbon.framework/Versions/A/Frameworks/Print.framework/Versions/A/Print
0x00000001b192b000 	/System/Library/Frameworks/Carbon.framework/Versions/A/Frameworks/SecurityHI.framework/Versions/A/SecurityHI
0x00000001e6e66000 	/System/Library/Frameworks/OpenGL.framework/Versions/A/Resources/GLEngine.bundle/GLEngine
0x00000001e6cf0000 	/System/Library/Frameworks/OpenGL.framework/Versions/A/Libraries/libGLProgrammability.dylib
0x0000000105d0c000 	/System/Library/Extensions/AppleMetalOpenGLRenderer.bundle/Contents/MacOS/AppleMetalOpenGLRenderer
0x00000001e6fd4000 	/System/Library/Frameworks/OpenGL.framework/Versions/A/Resources/GLRendererFloat.bundle/GLRendererFloat
0x00000001e2c00000 	/System/Library/Extensions/AGXMetalG13X.bundle/Contents/MacOS/AGXMetalG13X
0x00000001b9dd5000 	/System/Library/PrivateFrameworks/GPURawCounter.framework/Versions/A/GPURawCounter
0x00000001b40c7000 	/System/Library/PrivateFrameworks/IOGPU.framework/Versions/A/IOGPU
0x0000000126d00000 	/Users/havardvd/.openjfx/cache/21.0.2+5/aarch64/libglass.dylib
0x00000001ab426000 	/System/Library/Frameworks/FileProvider.framework/Versions/A/FileProvider
0x000000019eb4f000 	/System/Library/Frameworks/Accounts.framework/Versions/A/Accounts
0x00000001a0888000 	/System/Library/PrivateFrameworks/UserManagement.framework/Versions/A/UserManagement
0x00000001ab5ad000 	/System/Library/PrivateFrameworks/GenerationalStorage.framework/Versions/A/GenerationalStorage
0x00000001ac1c7000 	/System/Library/PrivateFrameworks/CoreSymbolication.framework/Versions/A/CoreSymbolication
0x00000001ab1ca000 	/System/Library/PrivateFrameworks/SymptomDiagnosticReporter.framework/Versions/A/SymptomDiagnosticReporter
0x000000019ccda000 	/System/Library/PrivateFrameworks/DesktopServicesPriv.framework/Versions/A/DesktopServicesPriv
0x000000019bbc6000 	/usr/lib/libsandbox.1.dylib
0x00000001ac188000 	/System/Library/PrivateFrameworks/DebugSymbols.framework/Versions/A/DebugSymbols
0x00000001a71d7000 	/System/Library/PrivateFrameworks/NetAuth.framework/Versions/A/NetAuth
0x00000001a817b000 	/System/Library/PrivateFrameworks/Sharing.framework/Versions/A/Sharing
0x00000001a084c000 	/System/Library/PrivateFrameworks/login.framework/Versions/A/Frameworks/loginsupport.framework/Versions/A/loginsupport
0x00000001ad3c4000 	/System/Library/PrivateFrameworks/Apple80211.framework/Versions/A/Apple80211
0x00000001a3c10000 	/System/Library/PrivateFrameworks/AuthKit.framework/Versions/A/AuthKit
0x00000001a32b7000 	/System/Library/Frameworks/CoreWLAN.framework/Versions/A/CoreWLAN
0x00000001ad3c8000 	/System/Library/PrivateFrameworks/CoreWiFi.framework/Versions/A/CoreWiFi
0x00000001db96a000 	/System/Library/PrivateFrameworks/WiFiPeerToPeer.framework/Versions/A/WiFiPeerToPeer
0x00000001abd42000 	/System/Library/PrivateFrameworks/FrontBoardServices.framework/Versions/A/FrontBoardServices
0x00000001abddd000 	/System/Library/PrivateFrameworks/BoardServices.framework/Versions/A/BoardServices
0x00000001ad522000 	/System/Library/PrivateFrameworks/BackBoardServices.framework/Versions/A/BackBoardServices
0x00000001a3d63000 	/System/Library/Frameworks/UserNotifications.framework/Versions/A/UserNotifications
0x00000001a76ad000 	/System/Library/PrivateFrameworks/CorePhoneNumbers.framework/Versions/A/CorePhoneNumbers
0x00000001a6ed4000 	/System/Library/PrivateFrameworks/MultiverseSupport.framework/Versions/A/MultiverseSupport
0x00000001ad7ab000 	/System/Library/PrivateFrameworks/RemoteServiceDiscovery.framework/Versions/A/RemoteServiceDiscovery
0x00000001ab2f6000 	/System/Library/PrivateFrameworks/DiskManagement.framework/Versions/A/DiskManagement
0x00000001ab1fd000 	/System/Library/PrivateFrameworks/AppleIDAuthSupport.framework/Versions/A/AppleIDAuthSupport
0x00000002002b0000 	/System/Library/PrivateFrameworks/AAAFoundation.framework/Versions/A/AAAFoundation
0x00000001a7685000 	/System/Library/PrivateFrameworks/KeychainCircle.framework/Versions/A/KeychainCircle
0x00000001ad7bf000 	/System/Library/PrivateFrameworks/RemoteXPC.framework/Versions/A/RemoteXPC
0x00000001ab2c2000 	/System/Library/PrivateFrameworks/MediaKit.framework/Versions/A/MediaKit
0x00000001ab20a000 	/System/Library/Frameworks/DiscRecording.framework/Versions/A/DiscRecording
0x00000001a4b2a000 	/usr/lib/libCoreStorage.dylib
0x00000001ad827000 	/usr/lib/libcsfde.dylib
0x00000001a83d8000 	/System/Library/PrivateFrameworks/ProtectedCloudStorage.framework/Versions/A/ProtectedCloudStorage
0x00000001ad81f000 	/System/Library/PrivateFrameworks/EFILogin.framework/Versions/A/EFILogin
0x00000001ab5d3000 	/System/Library/PrivateFrameworks/OctagonTrust.framework/Versions/A/OctagonTrust
0x00000001a4b22000 	/usr/lib/libMatch.1.dylib
0x00000001be64c000 	/System/Library/Frameworks/Accelerate.framework/Versions/A/Frameworks/vImage.framework/Versions/A/Libraries/libCGInterfaces.dylib
0x000000013033c000 	/usr/lib/libobjc-trampolines.dylib
0x000000021f9c7000 	/usr/lib/libAccessibilityBaseImplementations.dylib
0x00000001a0535000 	/System/Library/PrivateFrameworks/ViewBridge.framework/Versions/A/ViewBridge
0x0000000200abb000 	/System/Library/PrivateFrameworks/AccessibilityBundles.framework/Versions/A/AccessibilityBundles
0x00000001b5026000 	/usr/lib/libAccessibility.dylib
0x00000001aa8d7000 	/System/Library/Frameworks/MediaAccessibility.framework/Versions/A/MediaAccessibility
0x00000001a49a7000 	/System/Library/PrivateFrameworks/CrashReporterSupport.framework/Versions/A/CrashReporterSupport
0x00000001c6e4d000 	/System/Library/PrivateFrameworks/OSAnalytics.framework/Versions/A/OSAnalytics
0x00000001d282b000 	/System/Library/PrivateFrameworks/Symbolication.framework/Versions/A/Symbolication
0x00000001b9d93000 	/System/Library/PrivateFrameworks/MallocStackLogging.framework/Versions/A/MallocStackLogging
0x00000001a5294000 	/System/Library/PrivateFrameworks/login.framework/Versions/A/login
0x00000001451cc000 	/Library/Java/JavaVirtualMachines/jdk-21.0.2.jdk/Contents/Home/lib/libawt.dylib
0x0000000145800000 	/Library/Java/JavaVirtualMachines/jdk-21.0.2.jdk/Contents/Home/lib/libmlib_image.dylib
0x00000001fc7c1000 	/System/Library/Frameworks/JavaRuntimeSupport.framework/Versions/A/JavaRuntimeSupport
0x0000000145990000 	/Library/Java/JavaVirtualMachines/jdk-21.0.2.jdk/Contents/Home/lib/libawt_lwawt.dylib
0x0000000145170000 	/Library/Java/JavaVirtualMachines/jdk-21.0.2.jdk/Contents/Home/lib/libosxapp.dylib
0x00000001b7d55000 	/System/Library/Frameworks/ExceptionHandling.framework/Versions/A/ExceptionHandling
0x0000000145cd4000 	/Library/Java/JavaVirtualMachines/jdk-21.0.2.jdk/Contents/Home/lib/libfontmanager.dylib
0x0000000145ab4000 	/Library/Java/JavaVirtualMachines/jdk-21.0.2.jdk/Contents/Home/lib/libfreetype.dylib


VM Arguments:
jvm_args: --module-path=/Users/havardvd/.m2/repository/org/openjfx/javafx-base/21.0.2/javafx-base-21.0.2-mac-aarch64.jar:/Users/havardvd/.m2/repository/org/openjfx/javafx-base/21.0.2/javafx-base-21.0.2.jar:/Users/havardvd/.m2/repository/org/openjfx/javafx-controls/21.0.2/javafx-controls-21.0.2-mac-aarch64.jar:/Users/havardvd/.m2/repository/org/openjfx/javafx-controls/21.0.2/javafx-controls-21.0.2.jar:/Users/havardvd/.m2/repository/org/openjfx/javafx-fxml/21.0.2/javafx-fxml-21.0.2-mac-aarch64.jar:/Users/havardvd/.m2/repository/org/openjfx/javafx-fxml/21.0.2/javafx-fxml-21.0.2.jar:/Users/havardvd/.m2/repository/org/openjfx/javafx-graphics/21.0.2/javafx-graphics-21.0.2-mac-aarch64.jar:/Users/havardvd/.m2/repository/org/openjfx/javafx-graphics/21.0.2/javafx-graphics-21.0.2.jar:/Users/havardvd/.m2/repository/org/openjfx/javafx-media/21.0.2/javafx-media-21.0.2-mac-aarch64.jar:/Users/havardvd/.m2/repository/org/openjfx/javafx-media/21.0.2/javafx-media-21.0.2.jar:/Users/havardvd/.m2/repository/org/openjfx/javafx-swing/21.0.2/javafx-swing-21.0.2-mac-aarch64.jar:/Users/havardvd/.m2/repository/org/openjfx/javafx-swing/21.0.2/javafx-swing-21.0.2.jar:/Users/havardvd/.m2/repository/org/openjfx/javafx-web/21.0.2/javafx-web-21.0.2-mac-aarch64.jar:/Users/havardvd/.m2/repository/org/openjfx/javafx-web/21.0.2/javafx-web-21.0.2.jar --add-modules=javafx.base,javafx.controls,javafx.fxml,javafx.graphics,javafx.media,javafx.swing,javafx.web 
java_command: no.ntnu.idatt1002.demo.MyApp
java_class_path (initial): /Users/havardvd/Library/CloudStorage/OneDrive-Vikenfylkeskommune/BIDATA/IDATT1005/Project/purchase-planner/target/classes:/Users/havardvd/.m2/repository/com/github/Dansoftowner/jSystemThemeDetector/3.8/jSystemThemeDetector-3.8.jar:/Users/havardvd/.m2/repository/com/github/oshi/oshi-core/5.8.6/oshi-core-5.8.6.jar:/Users/havardvd/.m2/repository/commons-codec/commons-codec/1.6/commons-codec-1.6.jar:/Users/havardvd/.m2/repository/commons-io/commons-io/2.5/commons-io-2.5.jar:/Users/havardvd/.m2/repository/de/jangassen/jfa/1.2.0/jfa-1.2.0.jar:/Users/havardvd/.m2/repository/io/github/g00fy2/versioncompare/1.4.1/versioncompare-1.4.1.jar:/Users/havardvd/.m2/repository/net/java/dev/jna/jna/5.10.0/jna-5.10.0.jar:/Users/havardvd/.m2/repository/net/java/dev/jna/jna-platform/5.10.0/jna-platform-5.10.0.jar:/Users/havardvd/.m2/repository/org/apache/commons/commons-compress/1.19/commons-compress-1.19.jar:/Users/havardvd/.m2/repository/org/apache/maven/maven-aether-provider/3.0/maven-aether-provider-3.0.jar:/Users/havardvd/.m2/repository/org/apache/maven/maven-archiver/3.5.0/maven-archiver-3.5.0.jar:/Users/havardvd/.m2/repository/org/apache/maven/maven-artifact/3.0/maven-artifact-3.0.jar:/Users/havardvd/.m2/repository/org/apache/maven/maven-compat/3.0/maven-compat-3.0.jar:/Users/havardvd/.m2/repository/org/apache/maven/maven-core/3.0/maven-core-3.0.jar:/Users/havardvd/.m2/repository/org/apache/maven/maven-model/3.0/maven-model-3.0.jar:/Users/havardvd/.m2/repository/org/apache/maven/maven-model-builder/3.0/maven-model-builder-3.0.jar:/Users/havardvd/.m2/repository/org/apache/maven/maven-plugin-api/3.0/maven-plugin-api-3.0.jar:/Users/havardvd/.m2/repository/org/apache/maven/maven-repository-metadata/3.0/maven-repository-metadata-3.0.jar:/Users/havardvd/.m2/repository/org/apache/maven/maven-settings/3.0/maven-settings-3.0.jar:/Users/havardvd/.m2/repository/org/apache/maven/maven-settings-builder/3.0/maven-settings-builder-3.0.jar:/Users/havardvd/.m2/repository/org/apache/maven/plugins/maven-assembly-plugin/3.3.0/maven-assembly-plugin-3.3.0.jar:/Users/havardvd/.m2/repository/org/apache/maven/shared/file-management/3.0.0/file-management-3.0.0.jar:/Users/havardvd/.m2/repository/org/apache/maven/shared/maven-artifact-transfer/0.11.0/maven-artifact-transfer-0.11.0.jar:/Users/havardvd/.m2/repository/org/apache/maven/shared/maven-common-artifact-filters/3.1.0/maven-common-artifact-filters-3.1.0.jar:/Users/havardvd/.m2/repository/org/apache/maven/shared/maven-filtering/3.1.1/maven-filtering-3.1.1.jar:/Users/havardvd/.m2/repository/org/apache/maven/shared/maven-shared-io/3.0.0/maven-shared-io-3.0.0.jar:/Users/havardvd/.m2/repository/org/apache/maven/shared/maven-shared-utils/3.1.0/maven-shared-utils-3.1.0.jar:/Users/havardvd/.m2/repository/org/apache/maven/wagon/wagon-provider-api/2.10/wagon-provider-api-2.10.jar:/Users/havardvd/.m2/repository/org/codehaus/plexus/plexus-archiver/4.2.1/plexus-archiver-4.2.1.jar:/Users/havardvd/.m2/repository/org/codehaus/plexus/plexus-classworlds/2.2.3/plexus-classworlds-2.2.3.jar:/Users/havardvd/.m2/repository/org/codehaus/plexus/plexus-component-annotations/1.5.5/plexus-component-annotations-1.5.5.jar:/Users/havardvd/.m2/repository/org/codehaus/plexus/plexus-interpolation/1.25/plexus-interpolation-1.25.jar:/Users/havardvd/.m2/repository/org/codehaus/plexus/plexus-io/3.2.0/plexus-io-3.2.0.jar:/Users/havardvd/.m2/repository/org/codehaus/plexus/plexus-utils/3.3.0/plexus-utils-3.3.0.jar:/Users/havardvd/.m2/repository/org/iq80/snappy/snappy/0.4/snappy-0.4.jar:/Users/havardvd/.m2/repository/org/jetbrains/annotations/22.0.0/annotations-22.0.0.jar:/Users/havardvd/.m2/repository/org/slf4j/slf4j-api/1.7.36/slf4j-api-1.7.36.jar:/Users/havardvd/.m2/repository/org/slf4j/slf4j-simple/1.7.36/slf4j-simple-1.7.36.jar:/Users/havardvd/.m2/repository/org/sonatype/aether/aether-api/1.7/aether-api-1.7.jar:/Users/havardvd/.m2/repository/org/sonatype/aether/aether-impl/1.7/aether-impl-1.7.jar:/Users/havardvd/.m2/repository/org/sonatype/aether/aether-spi/1.7/aether-spi-1.7.jar:/Users/havardvd/.m2/repository/org/sonatype/aether/aether-util/1.7/aether-util-1.7.jar:/Users/havardvd/.m2/repository/org/sonatype/plexus/plexus-build-api/0.0.7/plexus-build-api-0.0.7.jar:/Users/havardvd/.m2/repository/org/sonatype/plexus/plexus-cipher/1.4/plexus-cipher-1.4.jar:/Users/havardvd/.m2/repository/org/sonatype/plexus/plexus-sec-dispatcher/1.3/plexus-sec-dispatcher-1.3.jar:/Users/havardvd/.m2/repository/org/sonatype/sisu/sisu-guice/2.1.7/sisu-guice-2.1.7-noaop.jar:/Users/havardvd/.m2/repository/org/sonatype/sisu/sisu-inject-bean/1.4.2/sisu-inject-bean-1.4.2.jar:/Users/havardvd/.m2/repository/org/sonatype/sisu/sisu-inject-plexus/1.4.2/sisu-inject-plexus-1.4.2.jar:/Users/havardvd/.m2/repository/org/tukaani/xz/1.8/xz-1.8.jar:/Users/havardvd/.m2/repository/org/xerial/sqlite-jdbc/3.36.0.3/sqlite-jdbc-3.36.0.3.jar
Launcher Type: SUN_STANDARD

[Global flags]
     intx CICompilerCount                          = 4                                         {product} {ergonomic}
     uint ConcGCThreads                            = 2                                         {product} {ergonomic}
     uint G1ConcRefinementThreads                  = 9                                         {product} {ergonomic}
   size_t G1HeapRegionSize                         = 2097152                                   {product} {ergonomic}
    uintx GCDrainStackTargetSize                   = 64                                        {product} {ergonomic}
   size_t InitialHeapSize                          = 268435456                                 {product} {ergonomic}
   size_t MarkStackSize                            = 4194304                                   {product} {ergonomic}
   size_t MaxHeapSize                              = 4294967296                                {product} {ergonomic}
   size_t MaxNewSize                               = 2575302656                                {product} {ergonomic}
   size_t MinHeapDeltaBytes                        = 2097152                                   {product} {ergonomic}
   size_t MinHeapSize                              = 8388608                                   {product} {ergonomic}
    uintx NonNMethodCodeHeapSize                   = 5839564                                {pd product} {ergonomic}
    uintx NonProfiledCodeHeapSize                  = 122909338                              {pd product} {ergonomic}
    uintx ProfiledCodeHeapSize                     = 122909338                              {pd product} {ergonomic}
    uintx ReservedCodeCacheSize                    = 251658240                              {pd product} {ergonomic}
     bool SegmentedCodeCache                       = true                                      {product} {ergonomic}
   size_t SoftMaxHeapSize                          = 4294967296                             {manageable} {ergonomic}
     bool UseCompressedOops                        = true                           {product lp64_product} {ergonomic}
     bool UseG1GC                                  = true                                      {product} {ergonomic}
     bool UseNUMA                                  = false                                     {product} {ergonomic}
     bool UseNUMAInterleaving                      = false                                     {product} {ergonomic}

Logging:
Log output configuration:
 #0: stdout all=warning uptime,level,tags foldmultilines=false
 #1: stderr all=off uptime,level,tags foldmultilines=false

Environment Variables:
PATH=/Library/Frameworks/Python.framework/Versions/3.11/bin:/Users/havardvd/anaconda3/bin:/Users/havardvd/anaconda3/condabin:/opt/homebrew/bin:/opt/homebrew/sbin:/Library/Frameworks/Python.framework/Versions/3.9/bin:/Library/Frameworks/Python.framework/Versions/3.9/bin:/usr/local/bin:/System/Cryptexes/App/usr/bin:/usr/bin:/bin:/usr/sbin:/sbin:/usr/local/share/dotnet:~/.dotnet/tools:/Library/Apple/usr/bin:/Library/Frameworks/Mono.framework/Versions/Current/Commands
SHELL=/bin/bash
LC_CTYPE=en_GB.UTF-8
TMPDIR=/var/folders/3t/5gy_lp8x73qf771x19jcplth0000gn/T/

Active Locale:
LC_ALL=C/en_GB.UTF-8/C/C/C/C
LC_COLLATE=C
LC_CTYPE=en_GB.UTF-8
LC_MESSAGES=C
LC_MONETARY=C
LC_NUMERIC=C
LC_TIME=C

Signal Handlers:
   SIGSEGV: crash_handler in libjvm.dylib, mask=11100110000111110111111111111111, flags=SA_ONSTACK|SA_RESTART|SA_SIGINFO, unblocked
    SIGBUS: crash_handler in libjvm.dylib, mask=11100110000111110111111111111111, flags=SA_RESTART|SA_SIGINFO, unblocked
    SIGFPE: crash_handler in libjvm.dylib, mask=11100110000111110111111111111111, flags=SA_RESTART|SA_SIGINFO, unblocked
   SIGPIPE: javaSignalHandler in libjvm.dylib, mask=11100110000111110111111111111111, flags=SA_RESTART|SA_SIGINFO, blocked
   SIGXFSZ: javaSignalHandler in libjvm.dylib, mask=11100110000111110111111111111111, flags=SA_RESTART|SA_SIGINFO, blocked
    SIGILL: crash_handler in libjvm.dylib, mask=11100110000111110111111111111111, flags=SA_RESTART|SA_SIGINFO, unblocked
   SIGUSR2: SR_handler in libjvm.dylib, mask=00000000000000000000000000000000, flags=SA_RESTART|SA_SIGINFO, blocked
    SIGHUP: UserHandler in libjvm.dylib, mask=11100110000111110111111111111111, flags=SA_RESTART|SA_SIGINFO, blocked
    SIGINT: UserHandler in libjvm.dylib, mask=11100110000111110111111111111111, flags=SA_RESTART|SA_SIGINFO, blocked
   SIGTERM: UserHandler in libjvm.dylib, mask=11100110000111110111111111111111, flags=SA_RESTART|SA_SIGINFO, blocked
   SIGQUIT: UserHandler in libjvm.dylib, mask=11100110000111110111111111111111, flags=SA_RESTART|SA_SIGINFO, blocked
   SIGTRAP: crash_handler in libjvm.dylib, mask=11100110000111110111111111111111, flags=SA_RESTART|SA_SIGINFO, unblocked


Periodic native trim disabled

---------------  S Y S T E M  ---------------

OS:
uname: Darwin 22.1.0 Darwin Kernel Version 22.1.0: Sun Oct  9 20:15:09 PDT 2022; root:xnu-8792.41.9~2/RELEASE_ARM64_T6000 arm64
OS uptime: 2 days 19:22 hours
rlimit (soft/hard): STACK 8176k/65520k , CORE 0k/infinity , NPROC 2666/4000 , NOFILE 10240/infinity , AS infinity/infinity , CPU infinity/infinity , DATA infinity/infinity , FSIZE infinity/infinity , MEMLOCK infinity/infinity , RSS infinity/infinity
load average: 5.22 4.12 3.80

CPU: total 10 (initial active 10) 0x61:0x0:0x1b588bb3:0, fp, asimd, aes, pmull, sha1, sha256, crc32, lse, sha3, sha512
machdep.cpu.brand_string:Apple M1 Pro
hw.cachelinesize:128
hw.l1icachesize:131072
hw.l1dcachesize:65536
hw.l2cachesize:4194304

Memory: 16k page, physical 16777216k(119856k free), swap 0k(0k free)

vm_info: Java HotSpot(TM) 64-Bit Server VM (21.0.2+13-LTS-58) for bsd-aarch64 JRE (21.0.2+13-LTS-58), built on 2024-01-05T18:32:24Z by "mach5one" with clang Apple LLVM 12.0.0 (clang-1200.0.32.29)

END.
